2025-10-11 00:00:01,335 [INFO] WebApp:194 - Connection lost
2025-10-11 00:00:02,155 [ERROR] LogOutputStream:75 - [STDERR_REDIRECT] [Fatal Error] :1:1: Premature end of file.
2025-10-11 00:00:02,155 [ERROR] LogOutputStream:75 - [STDERR_REDIRECT] 
2025-10-11 00:00:03,156 [ERROR] LogOutputStream:75 - [STDERR_REDIRECT] [Fatal Error] :1:1: Premature end of file.
2025-10-11 00:00:03,156 [ERROR] LogOutputStream:75 - [STDERR_REDIRECT] 
2025-10-11 00:00:03,523 [INFO] WebApp:191 - Connection restablished
2025-10-11 00:00:04,156 [ERROR] LogOutputStream:75 - [STDERR_REDIRECT] [Fatal Error] :1:1: Premature end of file.
2025-10-11 00:00:04,156 [ERROR] LogOutputStream:75 - [STDERR_REDIRECT] 
2025-10-11 00:00:05,156 [ERROR] LogOutputStream:75 - [STDERR_REDIRECT] [Fatal Error] :1:1: Premature end of file.
2025-10-11 00:00:05,157 [ERROR] LogOutputStream:75 - [STDERR_REDIRECT] 
2025-10-11 00:00:05,808 [INFO] WebApp:194 - Connection lost
2025-10-11 00:00:06,194 [ERROR] LogOutputStream:75 - [STDERR_REDIRECT] [Fatal Error] :1:1: Premature end of file.
2025-10-11 00:00:06,194 [ERROR] LogOutputStream:75 - [STDERR_REDIRECT] 
2025-10-11 00:00:07,161 [ERROR] LogOutputStream:75 - [STDERR_REDIRECT] [Fatal Error] :1:1: Premature end of file.
2025-10-11 00:00:07,161 [ERROR] LogOutputStream:75 - [STDERR_REDIRECT] 
2025-10-11 00:00:08,162 [ERROR] LogOutputStream:75 - [STDERR_REDIRECT] [Fatal Error] :1:1: Premature end of file.
2025-10-11 00:00:08,162 [ERROR] LogOutputStream:75 - [STDERR_REDIRECT] 
2025-10-11 00:00:08,362 [INFO] WebApp:191 - Connection restablished
2025-10-11 00:00:09,157 [ERROR] LogOutputStream:75 - [STDERR_REDIRECT] [Fatal Error] :1:1: Premature end of file.
2025-10-11 00:00:09,158 [ERROR] LogOutputStream:75 - [STDERR_REDIRECT] 
2025-10-11 00:00:10,162 [ERROR] LogOutputStream:75 - [STDERR_REDIRECT] [Fatal Error] :1:1: Premature end of file.
2025-10-11 00:00:10,162 [ERROR] LogOutputStream:75 - [STDERR_REDIRECT] 
2025-10-11 00:00:11,160 [ERROR] LogOutputStream:75 - [STDERR_REDIRECT] [Fatal Error] :1:1: Premature end of file.
2025-10-11 00:00:11,161 [ERROR] LogOutputStream:75 - [STDERR_REDIRECT] 
2025-10-11 00:00:12,155 [ERROR] LogOutputStream:75 - [STDERR_REDIRECT] [Fatal Error] :1:1: Premature end of file.
2025-10-11 00:00:12,155 [ERROR] LogOutputStream:75 - [STDERR_REDIRECT] 
2025-10-11 00:00:12,816 [INFO] WebApp:194 - Connection lost
2025-10-11 00:00:13,162 [ERROR] LogOutputStream:75 - [STDERR_REDIRECT] [Fatal Error] :1:1: Premature end of file.
2025-10-11 00:00:13,162 [ERROR] LogOutputStream:75 - [STDERR_REDIRECT] 
2025-10-11 00:00:14,158 [ERROR] LogOutputStream:75 - [STDERR_REDIRECT] [Fatal Error] :1:1: Premature end of file.
2025-10-11 00:00:14,158 [ERROR] LogOutputStream:75 - [STDERR_REDIRECT] 
2025-10-11 00:00:15,199 [ERROR] LogOutputStream:75 - [STDERR_REDIRECT] [Fatal Error] :1:1: Premature end of file.
2025-10-11 00:00:15,199 [ERROR] LogOutputStream:75 - [STDERR_REDIRECT] 
2025-10-11 00:00:16,156 [ERROR] LogOutputStream:75 - [STDERR_REDIRECT] [Fatal Error] :1:1: Premature end of file.
2025-10-11 00:00:16,157 [ERROR] LogOutputStream:75 - [STDERR_REDIRECT] 
2025-10-11 00:00:16,909 [INFO] WebApp:191 - Connection restablished
2025-10-11 00:00:17,164 [ERROR] LogOutputStream:75 - [STDERR_REDIRECT] [Fatal Error] :1:1: Premature end of file.
2025-10-11 00:00:17,164 [ERROR] LogOutputStream:75 - [STDERR_REDIRECT] 
2025-10-11 00:00:17,328 [INFO] WebApp:194 - Connection lost
2025-10-11 00:00:17,506 [INFO] WebApp:191 - Connection restablished
2025-10-11 00:00:18,157 [ERROR] LogOutputStream:75 - [STDERR_REDIRECT] [Fatal Error] :1:1: Premature end of file.
2025-10-11 00:00:18,157 [ERROR] LogOutputStream:75 - [STDERR_REDIRECT] 
2025-10-11 00:00:19,156 [ERROR] LogOutputStream:75 - [STDERR_REDIRECT] [Fatal Error] :1:1: Premature end of file.
2025-10-11 00:00:19,157 [ERROR] LogOutputStream:75 - [STDERR_REDIRECT] 
2025-10-11 00:00:20,199 [ERROR] LogOutputStream:75 - [STDERR_REDIRECT] [Fatal Error] :1:1: Premature end of file.
2025-10-11 00:00:20,199 [ERROR] LogOutputStream:75 - [STDERR_REDIRECT] 
2025-10-11 00:00:21,185 [ERROR] LogOutputStream:75 - [STDERR_REDIRECT] [Fatal Error] :1:1: Premature end of file.
2025-10-11 00:00:21,185 [ERROR] LogOutputStream:75 - [STDERR_REDIRECT] 
2025-10-11 00:00:21,331 [INFO] WebApp:194 - Connection lost
2025-10-11 00:00:21,624 [INFO] WebApp:191 - Connection restablished
2025-10-11 00:00:22,158 [ERROR] LogOutputStream:75 - [STDERR_REDIRECT] [Fatal Error] :1:1: Premature end of file.
2025-10-11 00:00:22,158 [ERROR] LogOutputStream:75 - [STDERR_REDIRECT] 
2025-10-11 00:00:23,199 [ERROR] LogOutputStream:75 - [STDERR_REDIRECT] [Fatal Error] :1:1: Premature end of file.
2025-10-11 00:00:23,199 [ERROR] LogOutputStream:75 - [STDERR_REDIRECT] 
2025-10-11 00:00:24,197 [ERROR] LogOutputStream:75 - [STDERR_REDIRECT] [Fatal Error] :1:1: Premature end of file.
2025-10-11 00:00:24,197 [ERROR] LogOutputStream:75 - [STDERR_REDIRECT] 
2025-10-11 00:00:25,275 [ERROR] LogOutputStream:75 - [STDERR_REDIRECT] [Fatal Error] :1:1: Premature end of file.
2025-10-11 00:00:25,275 [ERROR] LogOutputStream:75 - [STDERR_REDIRECT] 
2025-10-11 00:00:25,841 [INFO] WebApp:194 - Connection lost
2025-10-11 00:00:26,109 [INFO] WebApp:191 - Connection restablished
2025-10-11 00:00:26,159 [ERROR] LogOutputStream:75 - [STDERR_REDIRECT] [Fatal Error] :1:1: Premature end of file.
2025-10-11 00:00:26,159 [ERROR] LogOutputStream:75 - [STDERR_REDIRECT] 
2025-10-11 00:00:27,158 [ERROR] LogOutputStream:75 - [STDERR_REDIRECT] [Fatal Error] :1:1: Premature end of file.
2025-10-11 00:00:27,158 [ERROR] LogOutputStream:75 - [STDERR_REDIRECT] 
2025-10-11 00:00:28,154 [ERROR] LogOutputStream:75 - [STDERR_REDIRECT] [Fatal Error] :1:1: Premature end of file.
2025-10-11 00:00:28,154 [ERROR] LogOutputStream:75 - [STDERR_REDIRECT] 
2025-10-11 00:00:29,157 [ERROR] LogOutputStream:75 - [STDERR_REDIRECT] [Fatal Error] :1:1: Premature end of file.
2025-10-11 00:00:29,157 [ERROR] LogOutputStream:75 - [STDERR_REDIRECT] 
2025-10-11 00:00:29,798 [INFO] WebApp:194 - Connection lost
2025-10-11 00:00:30,165 [ERROR] LogOutputStream:75 - [STDERR_REDIRECT] [Fatal Error] :1:1: Premature end of file.
2025-10-11 00:00:30,166 [ERROR] LogOutputStream:75 - [STDERR_REDIRECT] 
2025-10-11 00:00:31,165 [ERROR] LogOutputStream:75 - [STDERR_REDIRECT] [Fatal Error] :1:1: Premature end of file.
2025-10-11 00:00:31,165 [ERROR] LogOutputStream:75 - [STDERR_REDIRECT] 
2025-10-11 00:00:32,155 [ERROR] LogOutputStream:75 - [STDERR_REDIRECT] [Fatal Error] :1:1: Premature end of file.
2025-10-11 00:00:32,155 [ERROR] LogOutputStream:75 - [STDERR_REDIRECT] 
2025-10-11 00:00:33,157 [ERROR] LogOutputStream:75 - [STDERR_REDIRECT] [Fatal Error] :1:1: Premature end of file.
2025-10-11 00:00:33,157 [ERROR] LogOutputStream:75 - [STDERR_REDIRECT] 
2025-10-11 00:00:34,156 [ERROR] LogOutputStream:75 - [STDERR_REDIRECT] [Fatal Error] :1:1: Premature end of file.
2025-10-11 00:00:34,157 [ERROR] LogOutputStream:75 - [STDERR_REDIRECT] 
2025-10-11 00:00:34,171 [INFO] WebApp:191 - Connection restablished
2025-10-11 00:00:34,297 [INFO] WebApp:194 - Connection lost
2025-10-11 00:00:34,688 [INFO] WebApp:191 - Connection restablished
2025-10-11 00:00:35,160 [ERROR] LogOutputStream:75 - [STDERR_REDIRECT] [Fatal Error] :1:1: Premature end of file.
2025-10-11 00:00:35,161 [ERROR] LogOutputStream:75 - [STDERR_REDIRECT] 
2025-10-11 00:00:36,158 [ERROR] LogOutputStream:75 - [STDERR_REDIRECT] [Fatal Error] :1:1: Premature end of file.
2025-10-11 00:00:36,158 [ERROR] LogOutputStream:75 - [STDERR_REDIRECT] 
2025-10-11 00:00:37,157 [ERROR] LogOutputStream:75 - [STDERR_REDIRECT] [Fatal Error] :1:1: Premature end of file.
2025-10-11 00:00:37,157 [ERROR] LogOutputStream:75 - [STDERR_REDIRECT] 
2025-10-11 00:00:38,157 [ERROR] LogOutputStream:75 - [STDERR_REDIRECT] [Fatal Error] :1:1: Premature end of file.
2025-10-11 00:00:38,157 [ERROR] LogOutputStream:75 - [STDERR_REDIRECT] 
2025-10-11 00:00:39,155 [ERROR] LogOutputStream:75 - [STDERR_REDIRECT] [Fatal Error] :1:1: Premature end of file.
2025-10-11 00:00:39,155 [ERROR] LogOutputStream:75 - [STDERR_REDIRECT] 
2025-10-11 00:00:40,158 [ERROR] LogOutputStream:75 - [STDERR_REDIRECT] [Fatal Error] :1:1: Premature end of file.
2025-10-11 00:00:40,158 [ERROR] LogOutputStream:75 - [STDERR_REDIRECT] 
2025-10-11 00:00:41,160 [ERROR] LogOutputStream:75 - [STDERR_REDIRECT] [Fatal Error] :1:1: Premature end of file.
2025-10-11 00:00:41,160 [ERROR] LogOutputStream:75 - [STDERR_REDIRECT] 
2025-10-11 00:00:42,156 [ERROR] LogOutputStream:75 - [STDERR_REDIRECT] [Fatal Error] :1:1: Premature end of file.
2025-10-11 00:00:42,157 [ERROR] LogOutputStream:75 - [STDERR_REDIRECT] 
2025-10-11 00:00:43,157 [ERROR] LogOutputStream:75 - [STDERR_REDIRECT] [Fatal Error] :1:1: Premature end of file.
2025-10-11 00:00:43,157 [ERROR] LogOutputStream:75 - [STDERR_REDIRECT] 
2025-10-11 00:00:44,158 [ERROR] LogOutputStream:75 - [STDERR_REDIRECT] [Fatal Error] :1:1: Premature end of file.
2025-10-11 00:00:44,158 [ERROR] LogOutputStream:75 - [STDERR_REDIRECT] 
2025-10-11 00:00:45,155 [ERROR] LogOutputStream:75 - [STDERR_REDIRECT] [Fatal Error] :1:1: Premature end of file.
2025-10-11 00:00:45,156 [ERROR] LogOutputStream:75 - [STDERR_REDIRECT] 
2025-10-11 00:00:46,159 [ERROR] LogOutputStream:75 - [STDERR_REDIRECT] [Fatal Error] :1:1: Premature end of file.
2025-10-11 00:00:46,160 [ERROR] LogOutputStream:75 - [STDERR_REDIRECT] 
2025-10-11 00:00:47,156 [ERROR] LogOutputStream:75 - [STDERR_REDIRECT] [Fatal Error] :1:1: Premature end of file.
2025-10-11 00:00:47,157 [ERROR] LogOutputStream:75 - [STDERR_REDIRECT] 
2025-10-11 00:00:48,166 [ERROR] LogOutputStream:75 - [STDERR_REDIRECT] [Fatal Error] :1:1: Premature end of file.
2025-10-11 00:00:48,166 [ERROR] LogOutputStream:75 - [STDERR_REDIRECT] 
2025-10-11 00:00:48,307 [INFO] WebApp:194 - Connection lost
2025-10-11 00:00:48,513 [INFO] WebApp:191 - Connection restablished
2025-10-11 00:00:49,156 [ERROR] LogOutputStream:75 - [STDERR_REDIRECT] [Fatal Error] :1:1: Premature end of file.
2025-10-11 00:00:49,156 [ERROR] LogOutputStream:75 - [STDERR_REDIRECT] 
2025-10-11 00:00:50,158 [ERROR] LogOutputStream:75 - [STDERR_REDIRECT] [Fatal Error] :1:1: Premature end of file.
2025-10-11 00:00:50,158 [ERROR] LogOutputStream:75 - [STDERR_REDIRECT] 
2025-10-11 00:00:51,158 [ERROR] LogOutputStream:75 - [STDERR_REDIRECT] [Fatal Error] :1:1: Premature end of file.
2025-10-11 00:00:51,158 [ERROR] LogOutputStream:75 - [STDERR_REDIRECT] 
2025-10-11 00:00:52,166 [ERROR] LogOutputStream:75 - [STDERR_REDIRECT] [Fatal Error] :1:1: Premature end of file.
2025-10-11 00:00:52,167 [ERROR] LogOutputStream:75 - [STDERR_REDIRECT] 
2025-10-11 00:00:52,309 [INFO] WebApp:194 - Connection lost
2025-10-11 00:00:53,202 [ERROR] LogOutputStream:75 - [STDERR_REDIRECT] [Fatal Error] :1:1: Premature end of file.
2025-10-11 00:00:53,203 [ERROR] LogOutputStream:75 - [STDERR_REDIRECT] 
2025-10-11 00:00:53,315 [INFO] WebApp:191 - Connection restablished
2025-10-11 00:00:54,167 [ERROR] LogOutputStream:75 - [STDERR_REDIRECT] [Fatal Error] :1:1: Premature end of file.
2025-10-11 00:00:54,167 [ERROR] LogOutputStream:75 - [STDERR_REDIRECT] 
2025-10-11 00:00:55,159 [ERROR] LogOutputStream:75 - [STDERR_REDIRECT] [Fatal Error] :1:1: Premature end of file.
2025-10-11 00:00:55,159 [ERROR] LogOutputStream:75 - [STDERR_REDIRECT] 
2025-10-11 00:00:56,157 [ERROR] LogOutputStream:75 - [STDERR_REDIRECT] [Fatal Error] :1:1: Premature end of file.
2025-10-11 00:00:56,158 [ERROR] LogOutputStream:75 - [STDERR_REDIRECT] 
2025-10-11 00:00:57,159 [ERROR] LogOutputStream:75 - [STDERR_REDIRECT] [Fatal Error] :1:1: Premature end of file.
2025-10-11 00:00:57,159 [ERROR] LogOutputStream:75 - [STDERR_REDIRECT] 
2025-10-11 00:00:57,833 [INFO] WebApp:194 - Connection lost
2025-10-11 00:00:58,156 [ERROR] LogOutputStream:75 - [STDERR_REDIRECT] [Fatal Error] :1:1: Premature end of file.
2025-10-11 00:00:58,157 [ERROR] LogOutputStream:75 - [STDERR_REDIRECT] 
2025-10-11 00:00:59,158 [ERROR] LogOutputStream:75 - [STDERR_REDIRECT] [Fatal Error] :1:1: Premature end of file.
2025-10-11 00:00:59,158 [ERROR] LogOutputStream:75 - [STDERR_REDIRECT] 
2025-10-11 00:01:00,157 [ERROR] LogOutputStream:75 - [STDERR_REDIRECT] [Fatal Error] :1:1: Premature end of file.
2025-10-11 00:01:00,158 [ERROR] LogOutputStream:75 - [STDERR_REDIRECT] 
2025-10-11 00:01:01,158 [ERROR] LogOutputStream:75 - [STDERR_REDIRECT] [Fatal Error] :1:1: Premature end of file.
2025-10-11 00:01:01,159 [ERROR] LogOutputStream:75 - [STDERR_REDIRECT] 
2025-10-11 00:01:01,988 [INFO] WebApp:191 - Connection restablished
2025-10-11 00:01:02,157 [ERROR] LogOutputStream:75 - [STDERR_REDIRECT] [Fatal Error] :1:1: Premature end of file.
2025-10-11 00:01:02,157 [ERROR] LogOutputStream:75 - [STDERR_REDIRECT] 
2025-10-11 00:01:02,313 [INFO] WebApp:194 - Connection lost
2025-10-11 00:01:02,589 [INFO] WebApp:191 - Connection restablished
2025-10-11 00:01:03,159 [ERROR] LogOutputStream:75 - [STDERR_REDIRECT] [Fatal Error] :1:1: Premature end of file.
2025-10-11 00:01:03,159 [ERROR] LogOutputStream:75 - [STDERR_REDIRECT] 
2025-10-11 00:01:04,157 [ERROR] LogOutputStream:75 - [STDERR_REDIRECT] [Fatal Error] :1:1: Premature end of file.
2025-10-11 00:01:04,157 [ERROR] LogOutputStream:75 - [STDERR_REDIRECT] 
2025-10-11 00:01:05,158 [ERROR] LogOutputStream:75 - [STDERR_REDIRECT] [Fatal Error] :1:1: Premature end of file.
2025-10-11 00:01:05,158 [ERROR] LogOutputStream:75 - [STDERR_REDIRECT] 
2025-10-11 00:01:06,157 [ERROR] LogOutputStream:75 - [STDERR_REDIRECT] [Fatal Error] :1:1: Premature end of file.
2025-10-11 00:01:06,157 [ERROR] LogOutputStream:75 - [STDERR_REDIRECT] 
2025-10-11 00:01:07,158 [ERROR] LogOutputStream:75 - [STDERR_REDIRECT] [Fatal Error] :1:1: Premature end of file.
2025-10-11 00:01:07,158 [ERROR] LogOutputStream:75 - [STDERR_REDIRECT] 
2025-10-11 00:01:08,156 [ERROR] LogOutputStream:75 - [STDERR_REDIRECT] [Fatal Error] :1:1: Premature end of file.
2025-10-11 00:01:08,156 [ERROR] LogOutputStream:75 - [STDERR_REDIRECT] 
2025-10-11 00:01:09,198 [ERROR] LogOutputStream:75 - [STDERR_REDIRECT] [Fatal Error] :1:1: Premature end of file.
2025-10-11 00:01:09,198 [ERROR] LogOutputStream:75 - [STDERR_REDIRECT] 
2025-10-11 00:01:10,158 [ERROR] LogOutputStream:75 - [STDERR_REDIRECT] [Fatal Error] :1:1: Premature end of file.
2025-10-11 00:01:10,158 [ERROR] LogOutputStream:75 - [STDERR_REDIRECT] 
2025-10-11 00:01:10,814 [INFO] WebApp:194 - Connection lost
2025-10-11 00:01:11,159 [ERROR] LogOutputStream:75 - [STDERR_REDIRECT] [Fatal Error] :1:1: Premature end of file.
2025-10-11 00:01:11,159 [ERROR] LogOutputStream:75 - [STDERR_REDIRECT] 
2025-10-11 00:01:11,674 [INFO] WebApp:191 - Connection restablished
2025-10-11 00:01:12,159 [ERROR] LogOutputStream:75 - [STDERR_REDIRECT] [Fatal Error] :1:1: Premature end of file.
2025-10-11 00:01:12,159 [ERROR] LogOutputStream:75 - [STDERR_REDIRECT] 
2025-10-11 00:01:13,160 [ERROR] LogOutputStream:75 - [STDERR_REDIRECT] [Fatal Error] :1:1: Premature end of file.
2025-10-11 00:01:13,160 [ERROR] LogOutputStream:75 - [STDERR_REDIRECT] 
2025-10-11 00:01:14,157 [ERROR] LogOutputStream:75 - [STDERR_REDIRECT] [Fatal Error] :1:1: Premature end of file.
2025-10-11 00:01:14,158 [ERROR] LogOutputStream:75 - [STDERR_REDIRECT] 
2025-10-11 00:01:15,157 [ERROR] LogOutputStream:75 - [STDERR_REDIRECT] [Fatal Error] :1:1: Premature end of file.
2025-10-11 00:01:15,158 [ERROR] LogOutputStream:75 - [STDERR_REDIRECT] 
2025-10-11 00:01:16,175 [ERROR] LogOutputStream:75 - [STDERR_REDIRECT] [Fatal Error] :1:1: Premature end of file.
2025-10-11 00:01:16,175 [ERROR] LogOutputStream:75 - [STDERR_REDIRECT] 
2025-10-11 00:01:16,325 [INFO] WebApp:194 - Connection lost
2025-10-11 00:01:17,157 [ERROR] LogOutputStream:75 - [STDERR_REDIRECT] [Fatal Error] :1:1: Premature end of file.
2025-10-11 00:01:17,157 [ERROR] LogOutputStream:75 - [STDERR_REDIRECT] 
2025-10-11 00:01:18,156 [ERROR] LogOutputStream:75 - [STDERR_REDIRECT] [Fatal Error] :1:1: Premature end of file.
2025-10-11 00:01:18,157 [ERROR] LogOutputStream:75 - [STDERR_REDIRECT] 
2025-10-11 00:01:19,159 [ERROR] LogOutputStream:75 - [STDERR_REDIRECT] [Fatal Error] :1:1: Premature end of file.
2025-10-11 00:01:19,159 [ERROR] LogOutputStream:75 - [STDERR_REDIRECT] 
2025-10-11 00:01:20,157 [ERROR] LogOutputStream:75 - [STDERR_REDIRECT] [Fatal Error] :1:1: Premature end of file.
2025-10-11 00:01:20,157 [ERROR] LogOutputStream:75 - [STDERR_REDIRECT] 
2025-10-11 00:01:21,162 [ERROR] LogOutputStream:75 - [STDERR_REDIRECT] [Fatal Error] :1:1: Premature end of file.
2025-10-11 00:01:21,163 [ERROR] LogOutputStream:75 - [STDERR_REDIRECT] 
2025-10-11 00:01:22,156 [ERROR] LogOutputStream:75 - [STDERR_REDIRECT] [Fatal Error] :1:1: Premature end of file.
2025-10-11 00:01:22,156 [ERROR] LogOutputStream:75 - [STDERR_REDIRECT] 
2025-10-11 00:01:23,157 [ERROR] LogOutputStream:75 - [STDERR_REDIRECT] [Fatal Error] :1:1: Premature end of file.
2025-10-11 00:01:23,157 [ERROR] LogOutputStream:75 - [STDERR_REDIRECT] 
2025-10-11 00:01:24,160 [ERROR] LogOutputStream:75 - [STDERR_REDIRECT] [Fatal Error] :1:1: Premature end of file.
2025-10-11 00:01:24,160 [ERROR] LogOutputStream:75 - [STDERR_REDIRECT] 
2025-10-11 00:01:25,176 [ERROR] LogOutputStream:75 - [STDERR_REDIRECT] [Fatal Error] :1:1: Premature end of file.
2025-10-11 00:01:25,177 [ERROR] LogOutputStream:75 - [STDERR_REDIRECT] 
2025-10-11 00:01:26,157 [ERROR] LogOutputStream:75 - [STDERR_REDIRECT] [Fatal Error] :1:1: Premature end of file.
2025-10-11 00:01:26,157 [ERROR] LogOutputStream:75 - [STDERR_REDIRECT] 
2025-10-11 00:01:27,157 [ERROR] LogOutputStream:75 - [STDERR_REDIRECT] [Fatal Error] :1:1: Premature end of file.
2025-10-11 00:01:27,157 [ERROR] LogOutputStream:75 - [STDERR_REDIRECT] 
2025-10-11 00:01:28,161 [ERROR] LogOutputStream:75 - [STDERR_REDIRECT] [Fatal Error] :1:1: Premature end of file.
2025-10-11 00:01:28,161 [ERROR] LogOutputStream:75 - [STDERR_REDIRECT] 
2025-10-11 00:01:29,158 [ERROR] LogOutputStream:75 - [STDERR_REDIRECT] [Fatal Error] :1:1: Premature end of file.
2025-10-11 00:01:29,158 [ERROR] LogOutputStream:75 - [STDERR_REDIRECT] 
2025-10-11 00:01:30,134 [INFO] WebApp:191 - Connection restablished
2025-10-11 00:01:30,222 [ERROR] LogOutputStream:75 - [STDERR_REDIRECT] [Fatal Error] :1:1: Premature end of file.
2025-10-11 00:01:30,223 [ERROR] LogOutputStream:75 - [STDERR_REDIRECT] 
2025-10-11 00:01:31,156 [ERROR] LogOutputStream:75 - [STDERR_REDIRECT] [Fatal Error] :1:1: Premature end of file.
2025-10-11 00:01:31,157 [ERROR] LogOutputStream:75 - [STDERR_REDIRECT] 
2025-10-11 00:01:32,162 [ERROR] LogOutputStream:75 - [STDERR_REDIRECT] [Fatal Error] :1:1: Premature end of file.
2025-10-11 00:01:32,163 [ERROR] LogOutputStream:75 - [STDERR_REDIRECT] 
2025-10-11 00:01:33,161 [ERROR] LogOutputStream:75 - [STDERR_REDIRECT] [Fatal Error] :1:1: Premature end of file.
2025-10-11 00:01:33,161 [ERROR] LogOutputStream:75 - [STDERR_REDIRECT] 
2025-10-11 00:01:34,158 [ERROR] LogOutputStream:75 - [STDERR_REDIRECT] [Fatal Error] :1:1: Premature end of file.
2025-10-11 00:01:34,159 [ERROR] LogOutputStream:75 - [STDERR_REDIRECT] 
2025-10-11 00:01:34,312 [INFO] WebApp:194 - Connection lost
2025-10-11 00:01:35,213 [ERROR] LogOutputStream:75 - [STDERR_REDIRECT] [Fatal Error] :1:1: Premature end of file.
2025-10-11 00:01:35,214 [ERROR] LogOutputStream:75 - [STDERR_REDIRECT] 
2025-10-11 00:01:36,167 [ERROR] LogOutputStream:75 - [STDERR_REDIRECT] [Fatal Error] :1:1: Premature end of file.
2025-10-11 00:01:36,167 [ERROR] LogOutputStream:75 - [STDERR_REDIRECT] 
2025-10-11 00:01:37,155 [ERROR] LogOutputStream:75 - [STDERR_REDIRECT] [Fatal Error] :1:1: Premature end of file.
2025-10-11 00:01:37,155 [ERROR] LogOutputStream:75 - [STDERR_REDIRECT] 
2025-10-11 00:01:38,197 [ERROR] LogOutputStream:75 - [STDERR_REDIRECT] [Fatal Error] :1:1: Premature end of file.
2025-10-11 00:01:38,197 [ERROR] LogOutputStream:75 - [STDERR_REDIRECT] 
2025-10-11 00:01:39,171 [ERROR] LogOutputStream:75 - [STDERR_REDIRECT] [Fatal Error] :1:1: Premature end of file.
2025-10-11 00:01:39,171 [ERROR] LogOutputStream:75 - [STDERR_REDIRECT] 
2025-10-11 00:01:40,188 [ERROR] LogOutputStream:75 - [STDERR_REDIRECT] [Fatal Error] :1:1: Premature end of file.
2025-10-11 00:01:40,189 [ERROR] LogOutputStream:75 - [STDERR_REDIRECT] 
2025-10-11 00:01:41,156 [ERROR] LogOutputStream:75 - [STDERR_REDIRECT] [Fatal Error] :1:1: Premature end of file.
2025-10-11 00:01:41,157 [ERROR] LogOutputStream:75 - [STDERR_REDIRECT] 
2025-10-11 00:01:42,017 [INFO] WebApp:191 - Connection restablished
2025-10-11 00:01:42,155 [ERROR] LogOutputStream:75 - [STDERR_REDIRECT] [Fatal Error] :1:1: Premature end of file.
2025-10-11 00:01:42,156 [ERROR] LogOutputStream:75 - [STDERR_REDIRECT] 
2025-10-11 00:01:42,326 [INFO] WebApp:194 - Connection lost
2025-10-11 00:01:42,575 [INFO] WebApp:191 - Connection restablished
2025-10-11 00:01:43,158 [ERROR] LogOutputStream:75 - [STDERR_REDIRECT] [Fatal Error] :1:1: Premature end of file.
2025-10-11 00:01:43,159 [ERROR] LogOutputStream:75 - [STDERR_REDIRECT] 
2025-10-11 00:01:44,158 [ERROR] LogOutputStream:75 - [STDERR_REDIRECT] [Fatal Error] :1:1: Premature end of file.
2025-10-11 00:01:44,158 [ERROR] LogOutputStream:75 - [STDERR_REDIRECT] 
2025-10-11 00:01:45,157 [ERROR] LogOutputStream:75 - [STDERR_REDIRECT] [Fatal Error] :1:1: Premature end of file.
2025-10-11 00:01:45,157 [ERROR] LogOutputStream:75 - [STDERR_REDIRECT] 
2025-10-11 00:01:46,160 [ERROR] LogOutputStream:75 - [STDERR_REDIRECT] [Fatal Error] :1:1: Premature end of file.
2025-10-11 00:01:46,160 [ERROR] LogOutputStream:75 - [STDERR_REDIRECT] 
2025-10-11 00:01:47,162 [ERROR] LogOutputStream:75 - [STDERR_REDIRECT] [Fatal Error] :1:1: Premature end of file.
2025-10-11 00:01:47,163 [ERROR] LogOutputStream:75 - [STDERR_REDIRECT] 
2025-10-11 00:01:48,157 [ERROR] LogOutputStream:75 - [STDERR_REDIRECT] [Fatal Error] :1:1: Premature end of file.
2025-10-11 00:01:48,157 [ERROR] LogOutputStream:75 - [STDERR_REDIRECT] 
2025-10-11 00:01:49,158 [ERROR] LogOutputStream:75 - [STDERR_REDIRECT] [Fatal Error] :1:1: Premature end of file.
2025-10-11 00:01:49,158 [ERROR] LogOutputStream:75 - [STDERR_REDIRECT] 
2025-10-11 00:01:50,156 [ERROR] LogOutputStream:75 - [STDERR_REDIRECT] [Fatal Error] :1:1: Premature end of file.
2025-10-11 00:01:50,156 [ERROR] LogOutputStream:75 - [STDERR_REDIRECT] 
2025-10-11 00:01:51,157 [ERROR] LogOutputStream:75 - [STDERR_REDIRECT] [Fatal Error] :1:1: Premature end of file.
2025-10-11 00:01:51,157 [ERROR] LogOutputStream:75 - [STDERR_REDIRECT] 
2025-10-11 00:01:52,168 [ERROR] LogOutputStream:75 - [STDERR_REDIRECT] [Fatal Error] :1:1: Premature end of file.
2025-10-11 00:01:52,168 [ERROR] LogOutputStream:75 - [STDERR_REDIRECT] 
2025-10-11 00:01:53,172 [ERROR] LogOutputStream:75 - [STDERR_REDIRECT] [Fatal Error] :1:1: Premature end of file.
2025-10-11 00:01:53,172 [ERROR] LogOutputStream:75 - [STDERR_REDIRECT] 
2025-10-11 00:01:54,156 [ERROR] LogOutputStream:75 - [STDERR_REDIRECT] [Fatal Error] :1:1: Premature end of file.
2025-10-11 00:01:54,157 [ERROR] LogOutputStream:75 - [STDERR_REDIRECT] 
2025-10-11 00:01:55,156 [ERROR] LogOutputStream:75 - [STDERR_REDIRECT] [Fatal Error] :1:1: Premature end of file.
2025-10-11 00:01:55,156 [ERROR] LogOutputStream:75 - [STDERR_REDIRECT] 
2025-10-11 00:01:56,158 [ERROR] LogOutputStream:75 - [STDERR_REDIRECT] [Fatal Error] :1:1: Premature end of file.
2025-10-11 00:01:56,158 [ERROR] LogOutputStream:75 - [STDERR_REDIRECT] 
2025-10-11 00:01:57,159 [ERROR] LogOutputStream:75 - [STDERR_REDIRECT] [Fatal Error] :1:1: Premature end of file.
2025-10-11 00:01:57,159 [ERROR] LogOutputStream:75 - [STDERR_REDIRECT] 
2025-10-11 00:01:58,165 [ERROR] LogOutputStream:75 - [STDERR_REDIRECT] [Fatal Error] :1:1: Premature end of file.
2025-10-11 00:01:58,165 [ERROR] LogOutputStream:75 - [STDERR_REDIRECT] 
2025-10-11 00:01:59,157 [ERROR] LogOutputStream:75 - [STDERR_REDIRECT] [Fatal Error] :1:1: Premature end of file.
2025-10-11 00:01:59,157 [ERROR] LogOutputStream:75 - [STDERR_REDIRECT] 
2025-10-11 00:02:00,157 [ERROR] LogOutputStream:75 - [STDERR_REDIRECT] [Fatal Error] :1:1: Premature end of file.
2025-10-11 00:02:00,157 [ERROR] LogOutputStream:75 - [STDERR_REDIRECT] 
2025-10-11 00:02:01,155 [ERROR] LogOutputStream:75 - [STDERR_REDIRECT] [Fatal Error] :1:1: Premature end of file.
2025-10-11 00:02:01,155 [ERROR] LogOutputStream:75 - [STDERR_REDIRECT] 
2025-10-11 00:02:02,157 [ERROR] LogOutputStream:75 - [STDERR_REDIRECT] [Fatal Error] :1:1: Premature end of file.
2025-10-11 00:02:02,157 [ERROR] LogOutputStream:75 - [STDERR_REDIRECT] 
2025-10-11 00:02:02,332 [INFO] WebApp:194 - Connection lost
2025-10-11 00:02:03,157 [ERROR] LogOutputStream:75 - [STDERR_REDIRECT] [Fatal Error] :1:1: Premature end of file.
2025-10-11 00:02:03,157 [ERROR] LogOutputStream:75 - [STDERR_REDIRECT] 
2025-10-11 00:02:04,156 [ERROR] LogOutputStream:75 - [STDERR_REDIRECT] [Fatal Error] :1:1: Premature end of file.
2025-10-11 00:02:04,156 [ERROR] LogOutputStream:75 - [STDERR_REDIRECT] 
2025-10-11 00:02:05,197 [ERROR] LogOutputStream:75 - [STDERR_REDIRECT] [Fatal Error] :1:1: Premature end of file.
2025-10-11 00:02:05,197 [ERROR] LogOutputStream:75 - [STDERR_REDIRECT] 
2025-10-11 00:02:06,156 [ERROR] LogOutputStream:75 - [STDERR_REDIRECT] [Fatal Error] :1:1: Premature end of file.
2025-10-11 00:02:06,156 [ERROR] LogOutputStream:75 - [STDERR_REDIRECT] 
2025-10-11 00:02:07,158 [ERROR] LogOutputStream:75 - [STDERR_REDIRECT] [Fatal Error] :1:1: Premature end of file.
2025-10-11 00:02:07,159 [ERROR] LogOutputStream:75 - [STDERR_REDIRECT] 
2025-10-11 00:02:08,157 [ERROR] LogOutputStream:75 - [STDERR_REDIRECT] [Fatal Error] :1:1: Premature end of file.
2025-10-11 00:02:08,157 [ERROR] LogOutputStream:75 - [STDERR_REDIRECT] 
2025-10-11 00:02:08,493 [INFO] WebApp:191 - Connection restablished
2025-10-11 00:02:09,162 [ERROR] LogOutputStream:75 - [STDERR_REDIRECT] [Fatal Error] :1:1: Premature end of file.
2025-10-11 00:02:09,163 [ERROR] LogOutputStream:75 - [STDERR_REDIRECT] 
2025-10-11 00:02:10,157 [ERROR] LogOutputStream:75 - [STDERR_REDIRECT] [Fatal Error] :1:1: Premature end of file.
2025-10-11 00:02:10,157 [ERROR] LogOutputStream:75 - [STDERR_REDIRECT] 
2025-10-11 00:02:11,157 [ERROR] LogOutputStream:75 - [STDERR_REDIRECT] [Fatal Error] :1:1: Premature end of file.
2025-10-11 00:02:11,157 [ERROR] LogOutputStream:75 - [STDERR_REDIRECT] 
2025-10-11 00:02:12,158 [ERROR] LogOutputStream:75 - [STDERR_REDIRECT] [Fatal Error] :1:1: Premature end of file.
2025-10-11 00:02:12,158 [ERROR] LogOutputStream:75 - [STDERR_REDIRECT] 
2025-10-11 00:02:13,160 [ERROR] LogOutputStream:75 - [STDERR_REDIRECT] [Fatal Error] :1:1: Premature end of file.
2025-10-11 00:02:13,160 [ERROR] LogOutputStream:75 - [STDERR_REDIRECT] 
2025-10-11 00:02:14,160 [ERROR] LogOutputStream:75 - [STDERR_REDIRECT] [Fatal Error] :1:1: Premature end of file.
2025-10-11 00:02:14,160 [ERROR] LogOutputStream:75 - [STDERR_REDIRECT] 
2025-10-11 00:02:15,164 [ERROR] LogOutputStream:75 - [STDERR_REDIRECT] [Fatal Error] :1:1: Premature end of file.
2025-10-11 00:02:15,164 [ERROR] LogOutputStream:75 - [STDERR_REDIRECT] 
2025-10-11 00:02:16,160 [ERROR] LogOutputStream:75 - [STDERR_REDIRECT] [Fatal Error] :1:1: Premature end of file.
2025-10-11 00:02:16,161 [ERROR] LogOutputStream:75 - [STDERR_REDIRECT] 
2025-10-11 00:02:17,162 [ERROR] LogOutputStream:75 - [STDERR_REDIRECT] [Fatal Error] :1:1: Premature end of file.
2025-10-11 00:02:17,162 [ERROR] LogOutputStream:75 - [STDERR_REDIRECT] 
2025-10-11 00:02:18,196 [ERROR] LogOutputStream:75 - [STDERR_REDIRECT] [Fatal Error] :1:1: Premature end of file.
2025-10-11 00:02:18,196 [ERROR] LogOutputStream:75 - [STDERR_REDIRECT] 
2025-10-11 00:02:19,156 [ERROR] LogOutputStream:75 - [STDERR_REDIRECT] [Fatal Error] :1:1: Premature end of file.
2025-10-11 00:02:19,157 [ERROR] LogOutputStream:75 - [STDERR_REDIRECT] 
2025-10-11 00:02:20,158 [ERROR] LogOutputStream:75 - [STDERR_REDIRECT] [Fatal Error] :1:1: Premature end of file.
2025-10-11 00:02:20,158 [ERROR] LogOutputStream:75 - [STDERR_REDIRECT] 
2025-10-11 00:02:21,158 [ERROR] LogOutputStream:75 - [STDERR_REDIRECT] [Fatal Error] :1:1: Premature end of file.
2025-10-11 00:02:21,158 [ERROR] LogOutputStream:75 - [STDERR_REDIRECT] 
2025-10-11 00:02:22,158 [ERROR] LogOutputStream:75 - [STDERR_REDIRECT] [Fatal Error] :1:1: Premature end of file.
2025-10-11 00:02:22,158 [ERROR] LogOutputStream:75 - [STDERR_REDIRECT] 
2025-10-11 00:02:23,157 [ERROR] LogOutputStream:75 - [STDERR_REDIRECT] [Fatal Error] :1:1: Premature end of file.
2025-10-11 00:02:23,157 [ERROR] LogOutputStream:75 - [STDERR_REDIRECT] 
2025-10-11 00:02:24,198 [ERROR] LogOutputStream:75 - [STDERR_REDIRECT] [Fatal Error] :1:1: Premature end of file.
2025-10-11 00:02:24,198 [ERROR] LogOutputStream:75 - [STDERR_REDIRECT] 
2025-10-11 00:02:25,157 [ERROR] LogOutputStream:75 - [STDERR_REDIRECT] [Fatal Error] :1:1: Premature end of file.
2025-10-11 00:02:25,157 [ERROR] LogOutputStream:75 - [STDERR_REDIRECT] 
2025-10-11 00:02:26,166 [ERROR] LogOutputStream:75 - [STDERR_REDIRECT] [Fatal Error] :1:1: Premature end of file.
2025-10-11 00:02:26,167 [ERROR] LogOutputStream:75 - [STDERR_REDIRECT] 
2025-10-11 00:02:27,177 [ERROR] LogOutputStream:75 - [STDERR_REDIRECT] [Fatal Error] :1:1: Premature end of file.
2025-10-11 00:02:27,178 [ERROR] LogOutputStream:75 - [STDERR_REDIRECT] 
2025-10-11 00:02:28,157 [ERROR] LogOutputStream:75 - [STDERR_REDIRECT] [Fatal Error] :1:1: Premature end of file.
2025-10-11 00:02:28,158 [ERROR] LogOutputStream:75 - [STDERR_REDIRECT] 
2025-10-11 00:02:29,160 [ERROR] LogOutputStream:75 - [STDERR_REDIRECT] [Fatal Error] :1:1: Premature end of file.
2025-10-11 00:02:29,160 [ERROR] LogOutputStream:75 - [STDERR_REDIRECT] 
2025-10-11 00:02:30,197 [ERROR] LogOutputStream:75 - [STDERR_REDIRECT] [Fatal Error] :1:1: Premature end of file.
2025-10-11 00:02:30,197 [ERROR] LogOutputStream:75 - [STDERR_REDIRECT] 
2025-10-11 00:02:31,156 [ERROR] LogOutputStream:75 - [STDERR_REDIRECT] [Fatal Error] :1:1: Premature end of file.
2025-10-11 00:02:31,156 [ERROR] LogOutputStream:75 - [STDERR_REDIRECT] 
2025-10-11 00:02:32,157 [ERROR] LogOutputStream:75 - [STDERR_REDIRECT] [Fatal Error] :1:1: Premature end of file.
2025-10-11 00:02:32,157 [ERROR] LogOutputStream:75 - [STDERR_REDIRECT] 
2025-10-11 00:02:33,158 [ERROR] LogOutputStream:75 - [STDERR_REDIRECT] [Fatal Error] :1:1: Premature end of file.
2025-10-11 00:02:33,158 [ERROR] LogOutputStream:75 - [STDERR_REDIRECT] 
2025-10-11 00:02:34,201 [ERROR] LogOutputStream:75 - [STDERR_REDIRECT] [Fatal Error] :1:1: Premature end of file.
2025-10-11 00:02:34,201 [ERROR] LogOutputStream:75 - [STDERR_REDIRECT] 
2025-10-11 00:02:35,158 [ERROR] LogOutputStream:75 - [STDERR_REDIRECT] [Fatal Error] :1:1: Premature end of file.
2025-10-11 00:02:35,159 [ERROR] LogOutputStream:75 - [STDERR_REDIRECT] 
2025-10-11 00:02:36,203 [ERROR] LogOutputStream:75 - [STDERR_REDIRECT] [Fatal Error] :1:1: Premature end of file.
2025-10-11 00:02:36,203 [ERROR] LogOutputStream:75 - [STDERR_REDIRECT] 
2025-10-11 00:02:37,200 [ERROR] LogOutputStream:75 - [STDERR_REDIRECT] [Fatal Error] :1:1: Premature end of file.
2025-10-11 00:02:37,200 [ERROR] LogOutputStream:75 - [STDERR_REDIRECT] 
2025-10-11 00:02:38,238 [ERROR] LogOutputStream:75 - [STDERR_REDIRECT] [Fatal Error] :1:1: Premature end of file.
2025-10-11 00:02:38,238 [ERROR] LogOutputStream:75 - [STDERR_REDIRECT] 
2025-10-11 00:02:39,157 [ERROR] LogOutputStream:75 - [STDERR_REDIRECT] [Fatal Error] :1:1: Premature end of file.
2025-10-11 00:02:39,157 [ERROR] LogOutputStream:75 - [STDERR_REDIRECT] 
2025-10-11 00:02:40,156 [ERROR] LogOutputStream:75 - [STDERR_REDIRECT] [Fatal Error] :1:1: Premature end of file.
2025-10-11 00:02:40,156 [ERROR] LogOutputStream:75 - [STDERR_REDIRECT] 
2025-10-11 00:02:41,160 [ERROR] LogOutputStream:75 - [STDERR_REDIRECT] [Fatal Error] :1:1: Premature end of file.
2025-10-11 00:02:41,160 [ERROR] LogOutputStream:75 - [STDERR_REDIRECT] 
2025-10-11 00:02:42,159 [ERROR] LogOutputStream:75 - [STDERR_REDIRECT] [Fatal Error] :1:1: Premature end of file.
2025-10-11 00:02:42,159 [ERROR] LogOutputStream:75 - [STDERR_REDIRECT] 
2025-10-11 00:02:43,161 [ERROR] LogOutputStream:75 - [STDERR_REDIRECT] [Fatal Error] :1:1: Premature end of file.
2025-10-11 00:02:43,161 [ERROR] LogOutputStream:75 - [STDERR_REDIRECT] 
2025-10-11 00:02:44,159 [ERROR] LogOutputStream:75 - [STDERR_REDIRECT] [Fatal Error] :1:1: Premature end of file.
2025-10-11 00:02:44,159 [ERROR] LogOutputStream:75 - [STDERR_REDIRECT] 
2025-10-11 00:02:45,157 [ERROR] LogOutputStream:75 - [STDERR_REDIRECT] [Fatal Error] :1:1: Premature end of file.
2025-10-11 00:02:45,157 [ERROR] LogOutputStream:75 - [STDERR_REDIRECT] 
2025-10-11 00:02:46,158 [ERROR] LogOutputStream:75 - [STDERR_REDIRECT] [Fatal Error] :1:1: Premature end of file.
2025-10-11 00:02:46,158 [ERROR] LogOutputStream:75 - [STDERR_REDIRECT] 
2025-10-11 00:02:47,162 [ERROR] LogOutputStream:75 - [STDERR_REDIRECT] [Fatal Error] :1:1: Premature end of file.
2025-10-11 00:02:47,163 [ERROR] LogOutputStream:75 - [STDERR_REDIRECT] 
2025-10-11 00:02:48,164 [ERROR] LogOutputStream:75 - [STDERR_REDIRECT] [Fatal Error] :1:1: Premature end of file.
2025-10-11 00:02:48,164 [ERROR] LogOutputStream:75 - [STDERR_REDIRECT] 
2025-10-11 00:02:49,157 [ERROR] LogOutputStream:75 - [STDERR_REDIRECT] [Fatal Error] :1:1: Premature end of file.
2025-10-11 00:02:49,157 [ERROR] LogOutputStream:75 - [STDERR_REDIRECT] 
2025-10-11 00:02:50,158 [ERROR] LogOutputStream:75 - [STDERR_REDIRECT] [Fatal Error] :1:1: Premature end of file.
2025-10-11 00:02:50,158 [ERROR] LogOutputStream:75 - [STDERR_REDIRECT] 
2025-10-11 00:02:51,157 [ERROR] LogOutputStream:75 - [STDERR_REDIRECT] [Fatal Error] :1:1: Premature end of file.
2025-10-11 00:02:51,157 [ERROR] LogOutputStream:75 - [STDERR_REDIRECT] 
2025-10-11 00:02:52,160 [ERROR] LogOutputStream:75 - [STDERR_REDIRECT] [Fatal Error] :1:1: Premature end of file.
2025-10-11 00:02:52,160 [ERROR] LogOutputStream:75 - [STDERR_REDIRECT] 
2025-10-11 00:02:53,159 [ERROR] LogOutputStream:75 - [STDERR_REDIRECT] [Fatal Error] :1:1: Premature end of file.
2025-10-11 00:02:53,159 [ERROR] LogOutputStream:75 - [STDERR_REDIRECT] 
2025-10-11 00:02:54,159 [ERROR] LogOutputStream:75 - [STDERR_REDIRECT] [Fatal Error] :1:1: Premature end of file.
2025-10-11 00:02:54,159 [ERROR] LogOutputStream:75 - [STDERR_REDIRECT] 
2025-10-11 00:02:55,155 [ERROR] LogOutputStream:75 - [STDERR_REDIRECT] [Fatal Error] :1:1: Premature end of file.
2025-10-11 00:02:55,156 [ERROR] LogOutputStream:75 - [STDERR_REDIRECT] 
2025-10-11 00:02:56,156 [ERROR] LogOutputStream:75 - [STDERR_REDIRECT] [Fatal Error] :1:1: Premature end of file.
2025-10-11 00:02:56,157 [ERROR] LogOutputStream:75 - [STDERR_REDIRECT] 
2025-10-11 00:02:57,158 [ERROR] LogOutputStream:75 - [STDERR_REDIRECT] [Fatal Error] :1:1: Premature end of file.
2025-10-11 00:02:57,158 [ERROR] LogOutputStream:75 - [STDERR_REDIRECT] 
2025-10-11 00:02:58,156 [ERROR] LogOutputStream:75 - [STDERR_REDIRECT] [Fatal Error] :1:1: Premature end of file.
2025-10-11 00:02:58,156 [ERROR] LogOutputStream:75 - [STDERR_REDIRECT] 
2025-10-11 00:02:59,157 [ERROR] LogOutputStream:75 - [STDERR_REDIRECT] [Fatal Error] :1:1: Premature end of file.
2025-10-11 00:02:59,157 [ERROR] LogOutputStream:75 - [STDERR_REDIRECT] 
2025-10-11 00:03:00,162 [ERROR] LogOutputStream:75 - [STDERR_REDIRECT] [Fatal Error] :1:1: Premature end of file.
2025-10-11 00:03:00,164 [ERROR] LogOutputStream:75 - [STDERR_REDIRECT] 
2025-10-11 00:03:01,182 [ERROR] LogOutputStream:75 - [STDERR_REDIRECT] [Fatal Error] :1:1: Premature end of file.
2025-10-11 00:03:01,183 [ERROR] LogOutputStream:75 - [STDERR_REDIRECT] 
2025-10-11 00:03:02,160 [ERROR] LogOutputStream:75 - [STDERR_REDIRECT] [Fatal Error] :1:1: Premature end of file.
2025-10-11 00:03:02,160 [ERROR] LogOutputStream:75 - [STDERR_REDIRECT] 
2025-10-11 00:03:03,200 [ERROR] LogOutputStream:75 - [STDERR_REDIRECT] [Fatal Error] :1:1: Premature end of file.
2025-10-11 00:03:03,201 [ERROR] LogOutputStream:75 - [STDERR_REDIRECT] 
2025-10-11 00:03:04,158 [ERROR] LogOutputStream:75 - [STDERR_REDIRECT] [Fatal Error] :1:1: Premature end of file.
2025-10-11 00:03:04,158 [ERROR] LogOutputStream:75 - [STDERR_REDIRECT] 
2025-10-11 00:03:05,159 [ERROR] LogOutputStream:75 - [STDERR_REDIRECT] [Fatal Error] :1:1: Premature end of file.
2025-10-11 00:03:05,161 [ERROR] LogOutputStream:75 - [STDERR_REDIRECT] 
2025-10-11 00:03:06,174 [ERROR] LogOutputStream:75 - [STDERR_REDIRECT] [Fatal Error] :1:1: Premature end of file.
2025-10-11 00:03:06,174 [ERROR] LogOutputStream:75 - [STDERR_REDIRECT] 
2025-10-11 00:03:07,159 [ERROR] LogOutputStream:75 - [STDERR_REDIRECT] [Fatal Error] :1:1: Premature end of file.
2025-10-11 00:03:07,159 [ERROR] LogOutputStream:75 - [STDERR_REDIRECT] 
2025-10-11 00:03:08,156 [ERROR] LogOutputStream:75 - [STDERR_REDIRECT] [Fatal Error] :1:1: Premature end of file.
2025-10-11 00:03:08,156 [ERROR] LogOutputStream:75 - [STDERR_REDIRECT] 
2025-10-11 00:03:09,157 [ERROR] LogOutputStream:75 - [STDERR_REDIRECT] [Fatal Error] :1:1: Premature end of file.
2025-10-11 00:03:09,157 [ERROR] LogOutputStream:75 - [STDERR_REDIRECT] 
2025-10-11 00:03:10,157 [ERROR] LogOutputStream:75 - [STDERR_REDIRECT] [Fatal Error] :1:1: Premature end of file.
2025-10-11 00:03:10,157 [ERROR] LogOutputStream:75 - [STDERR_REDIRECT] 
2025-10-11 00:03:10,824 [INFO] WebApp:194 - Connection lost
2025-10-11 00:03:11,160 [ERROR] LogOutputStream:75 - [STDERR_REDIRECT] [Fatal Error] :1:1: Premature end of file.
2025-10-11 00:03:11,160 [ERROR] LogOutputStream:75 - [STDERR_REDIRECT] 
2025-10-11 00:03:12,160 [ERROR] LogOutputStream:75 - [STDERR_REDIRECT] [Fatal Error] :1:1: Premature end of file.
2025-10-11 00:03:12,160 [ERROR] LogOutputStream:75 - [STDERR_REDIRECT] 
2025-10-11 00:03:13,159 [ERROR] LogOutputStream:75 - [STDERR_REDIRECT] [Fatal Error] :1:1: Premature end of file.
2025-10-11 00:03:13,159 [ERROR] LogOutputStream:75 - [STDERR_REDIRECT] 
2025-10-11 00:03:14,159 [ERROR] LogOutputStream:75 - [STDERR_REDIRECT] [Fatal Error] :1:1: Premature end of file.
2025-10-11 00:03:14,159 [ERROR] LogOutputStream:75 - [STDERR_REDIRECT] 
2025-10-11 00:03:15,210 [ERROR] LogOutputStream:75 - [STDERR_REDIRECT] [Fatal Error] :1:1: Premature end of file.
2025-10-11 00:03:15,210 [ERROR] LogOutputStream:75 - [STDERR_REDIRECT] 
2025-10-11 00:03:16,157 [ERROR] LogOutputStream:75 - [STDERR_REDIRECT] [Fatal Error] :1:1: Premature end of file.
2025-10-11 00:03:16,157 [ERROR] LogOutputStream:75 - [STDERR_REDIRECT] 
2025-10-11 00:03:17,117 [INFO] WebApp:191 - Connection restablished
2025-10-11 00:03:17,174 [ERROR] LogOutputStream:75 - [STDERR_REDIRECT] [Fatal Error] :1:1: Premature end of file.
2025-10-11 00:03:17,174 [ERROR] LogOutputStream:75 - [STDERR_REDIRECT] 
2025-10-11 00:03:17,328 [INFO] WebApp:194 - Connection lost
2025-10-11 00:03:17,531 [INFO] WebApp:191 - Connection restablished
2025-10-11 00:03:18,170 [ERROR] LogOutputStream:75 - [STDERR_REDIRECT] [Fatal Error] :1:1: Premature end of file.
2025-10-11 00:03:18,170 [ERROR] LogOutputStream:75 - [STDERR_REDIRECT] 
2025-10-11 00:03:19,157 [ERROR] LogOutputStream:75 - [STDERR_REDIRECT] [Fatal Error] :1:1: Premature end of file.
2025-10-11 00:03:19,157 [ERROR] LogOutputStream:75 - [STDERR_REDIRECT] 
2025-10-11 00:03:20,157 [ERROR] LogOutputStream:75 - [STDERR_REDIRECT] [Fatal Error] :1:1: Premature end of file.
2025-10-11 00:03:20,157 [ERROR] LogOutputStream:75 - [STDERR_REDIRECT] 
2025-10-11 00:03:21,157 [ERROR] LogOutputStream:75 - [STDERR_REDIRECT] [Fatal Error] :1:1: Premature end of file.
2025-10-11 00:03:21,157 [ERROR] LogOutputStream:75 - [STDERR_REDIRECT] 
2025-10-11 00:03:22,159 [ERROR] LogOutputStream:75 - [STDERR_REDIRECT] [Fatal Error] :1:1: Premature end of file.
2025-10-11 00:03:22,159 [ERROR] LogOutputStream:75 - [STDERR_REDIRECT] 
2025-10-11 00:03:23,198 [ERROR] LogOutputStream:75 - [STDERR_REDIRECT] [Fatal Error] :1:1: Premature end of file.
2025-10-11 00:03:23,199 [ERROR] LogOutputStream:75 - [STDERR_REDIRECT] 
2025-10-11 00:03:24,166 [ERROR] LogOutputStream:75 - [STDERR_REDIRECT] [Fatal Error] :1:1: Premature end of file.
2025-10-11 00:03:24,166 [ERROR] LogOutputStream:75 - [STDERR_REDIRECT] 
2025-10-11 00:03:25,158 [ERROR] LogOutputStream:75 - [STDERR_REDIRECT] [Fatal Error] :1:1: Premature end of file.
2025-10-11 00:03:25,158 [ERROR] LogOutputStream:75 - [STDERR_REDIRECT] 
2025-10-11 00:03:26,156 [ERROR] LogOutputStream:75 - [STDERR_REDIRECT] [Fatal Error] :1:1: Premature end of file.
2025-10-11 00:03:26,156 [ERROR] LogOutputStream:75 - [STDERR_REDIRECT] 
2025-10-11 00:03:27,156 [ERROR] LogOutputStream:75 - [STDERR_REDIRECT] [Fatal Error] :1:1: Premature end of file.
2025-10-11 00:03:27,156 [ERROR] LogOutputStream:75 - [STDERR_REDIRECT] 
2025-10-11 00:03:28,161 [ERROR] LogOutputStream:75 - [STDERR_REDIRECT] [Fatal Error] :1:1: Premature end of file.
2025-10-11 00:03:28,162 [ERROR] LogOutputStream:75 - [STDERR_REDIRECT] 
2025-10-11 00:03:29,157 [ERROR] LogOutputStream:75 - [STDERR_REDIRECT] [Fatal Error] :1:1: Premature end of file.
2025-10-11 00:03:29,157 [ERROR] LogOutputStream:75 - [STDERR_REDIRECT] 
2025-10-11 00:03:30,198 [ERROR] LogOutputStream:75 - [STDERR_REDIRECT] [Fatal Error] :1:1: Premature end of file.
2025-10-11 00:03:30,198 [ERROR] LogOutputStream:75 - [STDERR_REDIRECT] 
2025-10-11 00:03:31,156 [ERROR] LogOutputStream:75 - [STDERR_REDIRECT] [Fatal Error] :1:1: Premature end of file.
2025-10-11 00:03:31,157 [ERROR] LogOutputStream:75 - [STDERR_REDIRECT] 
2025-10-11 00:03:32,161 [ERROR] LogOutputStream:75 - [STDERR_REDIRECT] [Fatal Error] :1:1: Premature end of file.
2025-10-11 00:03:32,161 [ERROR] LogOutputStream:75 - [STDERR_REDIRECT] 
2025-10-11 00:03:33,205 [ERROR] LogOutputStream:75 - [STDERR_REDIRECT] [Fatal Error] :1:1: Premature end of file.
2025-10-11 00:03:33,205 [ERROR] LogOutputStream:75 - [STDERR_REDIRECT] 
2025-10-11 00:03:34,195 [ERROR] LogOutputStream:75 - [STDERR_REDIRECT] [Fatal Error] :1:1: Premature end of file.
2025-10-11 00:03:34,195 [ERROR] LogOutputStream:75 - [STDERR_REDIRECT] 
2025-10-11 00:03:35,161 [ERROR] LogOutputStream:75 - [STDERR_REDIRECT] [Fatal Error] :1:1: Premature end of file.
2025-10-11 00:03:35,161 [ERROR] LogOutputStream:75 - [STDERR_REDIRECT] 
2025-10-11 00:03:36,195 [ERROR] LogOutputStream:75 - [STDERR_REDIRECT] [Fatal Error] :1:1: Premature end of file.
2025-10-11 00:03:36,195 [ERROR] LogOutputStream:75 - [STDERR_REDIRECT] 
2025-10-11 00:03:37,241 [ERROR] LogOutputStream:75 - [STDERR_REDIRECT] [Fatal Error] :1:1: Premature end of file.
2025-10-11 00:03:37,241 [ERROR] LogOutputStream:75 - [STDERR_REDIRECT] 
2025-10-11 00:03:37,800 [INFO] WebApp:194 - Connection lost
2025-10-11 00:03:38,156 [ERROR] LogOutputStream:75 - [STDERR_REDIRECT] [Fatal Error] :1:1: Premature end of file.
2025-10-11 00:03:38,156 [ERROR] LogOutputStream:75 - [STDERR_REDIRECT] 
2025-10-11 00:03:39,159 [ERROR] LogOutputStream:75 - [STDERR_REDIRECT] [Fatal Error] :1:1: Premature end of file.
2025-10-11 00:03:39,159 [ERROR] LogOutputStream:75 - [STDERR_REDIRECT] 
2025-10-11 00:03:40,166 [ERROR] LogOutputStream:75 - [STDERR_REDIRECT] [Fatal Error] :1:1: Premature end of file.
2025-10-11 00:03:40,166 [ERROR] LogOutputStream:75 - [STDERR_REDIRECT] 
2025-10-11 00:03:41,157 [ERROR] LogOutputStream:75 - [STDERR_REDIRECT] [Fatal Error] :1:1: Premature end of file.
2025-10-11 00:03:41,157 [ERROR] LogOutputStream:75 - [STDERR_REDIRECT] 
2025-10-11 00:03:41,216 [INFO] WebApp:191 - Connection restablished
2025-10-11 00:03:41,307 [INFO] WebApp:194 - Connection lost
2025-10-11 00:03:41,354 [INFO] WebApp:191 - Connection restablished
2025-10-11 00:03:42,157 [ERROR] LogOutputStream:75 - [STDERR_REDIRECT] [Fatal Error] :1:1: Premature end of file.
2025-10-11 00:03:42,157 [ERROR] LogOutputStream:75 - [STDERR_REDIRECT] 
2025-10-11 00:03:43,160 [ERROR] LogOutputStream:75 - [STDERR_REDIRECT] [Fatal Error] :1:1: Premature end of file.
2025-10-11 00:03:43,160 [ERROR] LogOutputStream:75 - [STDERR_REDIRECT] 
2025-10-11 00:03:44,158 [ERROR] LogOutputStream:75 - [STDERR_REDIRECT] [Fatal Error] :1:1: Premature end of file.
2025-10-11 00:03:44,158 [ERROR] LogOutputStream:75 - [STDERR_REDIRECT] 
2025-10-11 00:03:45,187 [ERROR] LogOutputStream:75 - [STDERR_REDIRECT] [Fatal Error] :1:1: Premature end of file.
2025-10-11 00:03:45,187 [ERROR] LogOutputStream:75 - [STDERR_REDIRECT] 
2025-10-11 00:03:45,817 [INFO] WebApp:194 - Connection lost
2025-10-11 00:03:46,160 [ERROR] LogOutputStream:75 - [STDERR_REDIRECT] [Fatal Error] :1:1: Premature end of file.
2025-10-11 00:03:46,160 [ERROR] LogOutputStream:75 - [STDERR_REDIRECT] 
2025-10-11 00:03:47,160 [ERROR] LogOutputStream:75 - [STDERR_REDIRECT] [Fatal Error] :1:1: Premature end of file.
2025-10-11 00:03:47,160 [ERROR] LogOutputStream:75 - [STDERR_REDIRECT] 
2025-10-11 00:03:48,156 [ERROR] LogOutputStream:75 - [STDERR_REDIRECT] [Fatal Error] :1:1: Premature end of file.
2025-10-11 00:03:48,156 [ERROR] LogOutputStream:75 - [STDERR_REDIRECT] 
2025-10-11 00:03:49,158 [ERROR] LogOutputStream:75 - [STDERR_REDIRECT] [Fatal Error] :1:1: Premature end of file.
2025-10-11 00:03:49,158 [ERROR] LogOutputStream:75 - [STDERR_REDIRECT] 
2025-10-11 00:03:50,144 [INFO] WebApp:191 - Connection restablished
2025-10-11 00:03:50,163 [ERROR] LogOutputStream:75 - [STDERR_REDIRECT] [Fatal Error] :1:1: Premature end of file.
2025-10-11 00:03:50,164 [ERROR] LogOutputStream:75 - [STDERR_REDIRECT] 
2025-10-11 00:03:51,156 [ERROR] LogOutputStream:75 - [STDERR_REDIRECT] [Fatal Error] :1:1: Premature end of file.
2025-10-11 00:03:51,157 [ERROR] LogOutputStream:75 - [STDERR_REDIRECT] 
2025-10-11 00:03:52,171 [ERROR] LogOutputStream:75 - [STDERR_REDIRECT] [Fatal Error] :1:1: Premature end of file.
2025-10-11 00:03:52,172 [ERROR] LogOutputStream:75 - [STDERR_REDIRECT] 
2025-10-11 00:03:53,158 [ERROR] LogOutputStream:75 - [STDERR_REDIRECT] [Fatal Error] :1:1: Premature end of file.
2025-10-11 00:03:53,159 [ERROR] LogOutputStream:75 - [STDERR_REDIRECT] 
2025-10-11 00:03:54,156 [ERROR] LogOutputStream:75 - [STDERR_REDIRECT] [Fatal Error] :1:1: Premature end of file.
2025-10-11 00:03:54,157 [ERROR] LogOutputStream:75 - [STDERR_REDIRECT] 
2025-10-11 00:03:55,156 [ERROR] LogOutputStream:75 - [STDERR_REDIRECT] [Fatal Error] :1:1: Premature end of file.
2025-10-11 00:03:55,156 [ERROR] LogOutputStream:75 - [STDERR_REDIRECT] 
2025-10-11 00:03:56,162 [ERROR] LogOutputStream:75 - [STDERR_REDIRECT] [Fatal Error] :1:1: Premature end of file.
2025-10-11 00:03:56,162 [ERROR] LogOutputStream:75 - [STDERR_REDIRECT] 
2025-10-11 00:03:57,158 [ERROR] LogOutputStream:75 - [STDERR_REDIRECT] [Fatal Error] :1:1: Premature end of file.
2025-10-11 00:03:57,158 [ERROR] LogOutputStream:75 - [STDERR_REDIRECT] 
2025-10-11 00:03:58,156 [ERROR] LogOutputStream:75 - [STDERR_REDIRECT] [Fatal Error] :1:1: Premature end of file.
2025-10-11 00:03:58,156 [ERROR] LogOutputStream:75 - [STDERR_REDIRECT] 
2025-10-11 00:03:59,155 [ERROR] LogOutputStream:75 - [STDERR_REDIRECT] [Fatal Error] :1:1: Premature end of file.
2025-10-11 00:03:59,155 [ERROR] LogOutputStream:75 - [STDERR_REDIRECT] 
2025-10-11 00:03:59,331 [INFO] WebApp:194 - Connection lost
2025-10-11 00:04:00,164 [ERROR] LogOutputStream:75 - [STDERR_REDIRECT] [Fatal Error] :1:1: Premature end of file.
2025-10-11 00:04:00,164 [ERROR] LogOutputStream:75 - [STDERR_REDIRECT] 
2025-10-11 00:04:00,758 [INFO] WebApp:191 - Connection restablished
2025-10-11 00:04:00,825 [INFO] WebApp:194 - Connection lost
2025-10-11 00:04:01,165 [ERROR] LogOutputStream:75 - [STDERR_REDIRECT] [Fatal Error] :1:1: Premature end of file.
2025-10-11 00:04:01,165 [ERROR] LogOutputStream:75 - [STDERR_REDIRECT] 
2025-10-11 00:04:02,158 [ERROR] LogOutputStream:75 - [STDERR_REDIRECT] [Fatal Error] :1:1: Premature end of file.
2025-10-11 00:04:02,159 [ERROR] LogOutputStream:75 - [STDERR_REDIRECT] 
2025-10-11 00:04:03,157 [ERROR] LogOutputStream:75 - [STDERR_REDIRECT] [Fatal Error] :1:1: Premature end of file.
2025-10-11 00:04:03,157 [ERROR] LogOutputStream:75 - [STDERR_REDIRECT] 
2025-10-11 00:04:04,157 [ERROR] LogOutputStream:75 - [STDERR_REDIRECT] [Fatal Error] :1:1: Premature end of file.
2025-10-11 00:04:04,157 [ERROR] LogOutputStream:75 - [STDERR_REDIRECT] 
2025-10-11 00:04:05,161 [ERROR] LogOutputStream:75 - [STDERR_REDIRECT] [Fatal Error] :1:1: Premature end of file.
2025-10-11 00:04:05,161 [ERROR] LogOutputStream:75 - [STDERR_REDIRECT] 
2025-10-11 00:04:05,344 [INFO] WebApp:191 - Connection restablished
2025-10-11 00:04:06,159 [ERROR] LogOutputStream:75 - [STDERR_REDIRECT] [Fatal Error] :1:1: Premature end of file.
2025-10-11 00:04:06,159 [ERROR] LogOutputStream:75 - [STDERR_REDIRECT] 
2025-10-11 00:04:07,161 [ERROR] LogOutputStream:75 - [STDERR_REDIRECT] [Fatal Error] :1:1: Premature end of file.
2025-10-11 00:04:07,161 [ERROR] LogOutputStream:75 - [STDERR_REDIRECT] 
2025-10-11 00:04:08,159 [ERROR] LogOutputStream:75 - [STDERR_REDIRECT] [Fatal Error] :1:1: Premature end of file.
2025-10-11 00:04:08,159 [ERROR] LogOutputStream:75 - [STDERR_REDIRECT] 
2025-10-11 00:04:09,164 [ERROR] LogOutputStream:75 - [STDERR_REDIRECT] [Fatal Error] :1:1: Premature end of file.
2025-10-11 00:04:09,164 [ERROR] LogOutputStream:75 - [STDERR_REDIRECT] 
2025-10-11 00:04:10,155 [ERROR] LogOutputStream:75 - [STDERR_REDIRECT] [Fatal Error] :1:1: Premature end of file.
2025-10-11 00:04:10,155 [ERROR] LogOutputStream:75 - [STDERR_REDIRECT] 
2025-10-11 00:04:11,200 [ERROR] LogOutputStream:75 - [STDERR_REDIRECT] [Fatal Error] :1:1: Premature end of file.
2025-10-11 00:04:11,200 [ERROR] LogOutputStream:75 - [STDERR_REDIRECT] 
2025-10-11 00:04:11,322 [INFO] WebApp:194 - Connection lost
2025-10-11 00:04:11,865 [INFO] WebApp:191 - Connection restablished
2025-10-11 00:04:12,159 [ERROR] LogOutputStream:75 - [STDERR_REDIRECT] [Fatal Error] :1:1: Premature end of file.
2025-10-11 00:04:12,159 [ERROR] LogOutputStream:75 - [STDERR_REDIRECT] 
2025-10-11 00:04:13,159 [ERROR] LogOutputStream:75 - [STDERR_REDIRECT] [Fatal Error] :1:1: Premature end of file.
2025-10-11 00:04:13,159 [ERROR] LogOutputStream:75 - [STDERR_REDIRECT] 
2025-10-11 00:04:14,155 [ERROR] LogOutputStream:75 - [STDERR_REDIRECT] [Fatal Error] :1:1: Premature end of file.
2025-10-11 00:04:14,155 [ERROR] LogOutputStream:75 - [STDERR_REDIRECT] 
2025-10-11 00:04:15,156 [ERROR] LogOutputStream:75 - [STDERR_REDIRECT] [Fatal Error] :1:1: Premature end of file.
2025-10-11 00:04:15,156 [ERROR] LogOutputStream:75 - [STDERR_REDIRECT] 
2025-10-11 00:04:16,158 [ERROR] LogOutputStream:75 - [STDERR_REDIRECT] [Fatal Error] :1:1: Premature end of file.
2025-10-11 00:04:16,158 [ERROR] LogOutputStream:75 - [STDERR_REDIRECT] 
2025-10-11 00:04:17,159 [ERROR] LogOutputStream:75 - [STDERR_REDIRECT] [Fatal Error] :1:1: Premature end of file.
2025-10-11 00:04:17,160 [ERROR] LogOutputStream:75 - [STDERR_REDIRECT] 
2025-10-11 00:04:18,155 [ERROR] LogOutputStream:75 - [STDERR_REDIRECT] [Fatal Error] :1:1: Premature end of file.
2025-10-11 00:04:18,155 [ERROR] LogOutputStream:75 - [STDERR_REDIRECT] 
2025-10-11 00:04:19,163 [ERROR] LogOutputStream:75 - [STDERR_REDIRECT] [Fatal Error] :1:1: Premature end of file.
2025-10-11 00:04:19,164 [ERROR] LogOutputStream:75 - [STDERR_REDIRECT] 
2025-10-11 00:04:20,160 [ERROR] LogOutputStream:75 - [STDERR_REDIRECT] [Fatal Error] :1:1: Premature end of file.
2025-10-11 00:04:20,160 [ERROR] LogOutputStream:75 - [STDERR_REDIRECT] 
2025-10-11 00:04:21,196 [ERROR] LogOutputStream:75 - [STDERR_REDIRECT] [Fatal Error] :1:1: Premature end of file.
2025-10-11 00:04:21,197 [ERROR] LogOutputStream:75 - [STDERR_REDIRECT] 
2025-10-11 00:04:22,158 [ERROR] LogOutputStream:75 - [STDERR_REDIRECT] [Fatal Error] :1:1: Premature end of file.
2025-10-11 00:04:22,158 [ERROR] LogOutputStream:75 - [STDERR_REDIRECT] 
2025-10-11 00:04:23,158 [ERROR] LogOutputStream:75 - [STDERR_REDIRECT] [Fatal Error] :1:1: Premature end of file.
2025-10-11 00:04:23,158 [ERROR] LogOutputStream:75 - [STDERR_REDIRECT] 
2025-10-11 00:04:24,156 [ERROR] LogOutputStream:75 - [STDERR_REDIRECT] [Fatal Error] :1:1: Premature end of file.
2025-10-11 00:04:24,157 [ERROR] LogOutputStream:75 - [STDERR_REDIRECT] 
2025-10-11 00:04:25,157 [ERROR] LogOutputStream:75 - [STDERR_REDIRECT] [Fatal Error] :1:1: Premature end of file.
2025-10-11 00:04:25,157 [ERROR] LogOutputStream:75 - [STDERR_REDIRECT] 
2025-10-11 00:04:26,157 [ERROR] LogOutputStream:75 - [STDERR_REDIRECT] [Fatal Error] :1:1: Premature end of file.
2025-10-11 00:04:26,158 [ERROR] LogOutputStream:75 - [STDERR_REDIRECT] 
2025-10-11 00:04:27,156 [ERROR] LogOutputStream:75 - [STDERR_REDIRECT] [Fatal Error] :1:1: Premature end of file.
2025-10-11 00:04:27,157 [ERROR] LogOutputStream:75 - [STDERR_REDIRECT] 
2025-10-11 00:04:28,160 [ERROR] LogOutputStream:75 - [STDERR_REDIRECT] [Fatal Error] :1:1: Premature end of file.
2025-10-11 00:04:28,160 [ERROR] LogOutputStream:75 - [STDERR_REDIRECT] 
2025-10-11 00:04:29,235 [ERROR] LogOutputStream:75 - [STDERR_REDIRECT] [Fatal Error] :1:1: Premature end of file.
2025-10-11 00:04:29,235 [ERROR] LogOutputStream:75 - [STDERR_REDIRECT] 
2025-10-11 00:04:30,161 [ERROR] LogOutputStream:75 - [STDERR_REDIRECT] [Fatal Error] :1:1: Premature end of file.
2025-10-11 00:04:30,161 [ERROR] LogOutputStream:75 - [STDERR_REDIRECT] 
2025-10-11 00:04:31,158 [ERROR] LogOutputStream:75 - [STDERR_REDIRECT] [Fatal Error] :1:1: Premature end of file.
2025-10-11 00:04:31,158 [ERROR] LogOutputStream:75 - [STDERR_REDIRECT] 
2025-10-11 00:04:32,164 [ERROR] LogOutputStream:75 - [STDERR_REDIRECT] [Fatal Error] :1:1: Premature end of file.
2025-10-11 00:04:32,164 [ERROR] LogOutputStream:75 - [STDERR_REDIRECT] 
2025-10-11 00:04:33,159 [ERROR] LogOutputStream:75 - [STDERR_REDIRECT] [Fatal Error] :1:1: Premature end of file.
2025-10-11 00:04:33,160 [ERROR] LogOutputStream:75 - [STDERR_REDIRECT] 
2025-10-11 00:04:34,158 [ERROR] LogOutputStream:75 - [STDERR_REDIRECT] [Fatal Error] :1:1: Premature end of file.
2025-10-11 00:04:34,158 [ERROR] LogOutputStream:75 - [STDERR_REDIRECT] 
2025-10-11 00:04:35,156 [ERROR] LogOutputStream:75 - [STDERR_REDIRECT] [Fatal Error] :1:1: Premature end of file.
2025-10-11 00:04:35,157 [ERROR] LogOutputStream:75 - [STDERR_REDIRECT] 
2025-10-11 00:04:36,156 [ERROR] LogOutputStream:75 - [STDERR_REDIRECT] [Fatal Error] :1:1: Premature end of file.
2025-10-11 00:04:36,156 [ERROR] LogOutputStream:75 - [STDERR_REDIRECT] 
2025-10-11 00:04:37,158 [ERROR] LogOutputStream:75 - [STDERR_REDIRECT] [Fatal Error] :1:1: Premature end of file.
2025-10-11 00:04:37,158 [ERROR] LogOutputStream:75 - [STDERR_REDIRECT] 
2025-10-11 00:04:38,156 [ERROR] LogOutputStream:75 - [STDERR_REDIRECT] [Fatal Error] :1:1: Premature end of file.
2025-10-11 00:04:38,157 [ERROR] LogOutputStream:75 - [STDERR_REDIRECT] 
2025-10-11 00:04:39,161 [ERROR] LogOutputStream:75 - [STDERR_REDIRECT] [Fatal Error] :1:1: Premature end of file.
2025-10-11 00:04:39,161 [ERROR] LogOutputStream:75 - [STDERR_REDIRECT] 
2025-10-11 00:04:40,157 [ERROR] LogOutputStream:75 - [STDERR_REDIRECT] [Fatal Error] :1:1: Premature end of file.
2025-10-11 00:04:40,158 [ERROR] LogOutputStream:75 - [STDERR_REDIRECT] 
2025-10-11 00:04:41,162 [ERROR] LogOutputStream:75 - [STDERR_REDIRECT] [Fatal Error] :1:1: Premature end of file.
2025-10-11 00:04:41,162 [ERROR] LogOutputStream:75 - [STDERR_REDIRECT] 
2025-10-11 00:04:42,157 [ERROR] LogOutputStream:75 - [STDERR_REDIRECT] [Fatal Error] :1:1: Premature end of file.
2025-10-11 00:04:42,157 [ERROR] LogOutputStream:75 - [STDERR_REDIRECT] 
2025-10-11 00:04:43,158 [ERROR] LogOutputStream:75 - [STDERR_REDIRECT] [Fatal Error] :1:1: Premature end of file.
2025-10-11 00:04:43,158 [ERROR] LogOutputStream:75 - [STDERR_REDIRECT] 
2025-10-11 00:04:44,160 [ERROR] LogOutputStream:75 - [STDERR_REDIRECT] [Fatal Error] :1:1: Premature end of file.
2025-10-11 00:04:44,160 [ERROR] LogOutputStream:75 - [STDERR_REDIRECT] 
2025-10-11 00:04:45,157 [ERROR] LogOutputStream:75 - [STDERR_REDIRECT] [Fatal Error] :1:1: Premature end of file.
2025-10-11 00:04:45,157 [ERROR] LogOutputStream:75 - [STDERR_REDIRECT] 
2025-10-11 00:04:46,158 [ERROR] LogOutputStream:75 - [STDERR_REDIRECT] [Fatal Error] :1:1: Premature end of file.
2025-10-11 00:04:46,158 [ERROR] LogOutputStream:75 - [STDERR_REDIRECT] 
2025-10-11 00:04:47,155 [ERROR] LogOutputStream:75 - [STDERR_REDIRECT] [Fatal Error] :1:1: Premature end of file.
2025-10-11 00:04:47,155 [ERROR] LogOutputStream:75 - [STDERR_REDIRECT] 
2025-10-11 00:04:48,167 [ERROR] LogOutputStream:75 - [STDERR_REDIRECT] [Fatal Error] :1:1: Premature end of file.
2025-10-11 00:04:48,167 [ERROR] LogOutputStream:75 - [STDERR_REDIRECT] 
2025-10-11 00:04:49,156 [ERROR] LogOutputStream:75 - [STDERR_REDIRECT] [Fatal Error] :1:1: Premature end of file.
2025-10-11 00:04:49,156 [ERROR] LogOutputStream:75 - [STDERR_REDIRECT] 
2025-10-11 00:04:50,193 [ERROR] LogOutputStream:75 - [STDERR_REDIRECT] [Fatal Error] :1:1: Premature end of file.
2025-10-11 00:04:50,195 [ERROR] LogOutputStream:75 - [STDERR_REDIRECT] 
2025-10-11 00:04:51,155 [ERROR] LogOutputStream:75 - [STDERR_REDIRECT] [Fatal Error] :1:1: Premature end of file.
2025-10-11 00:04:51,155 [ERROR] LogOutputStream:75 - [STDERR_REDIRECT] 
2025-10-11 00:04:52,159 [ERROR] LogOutputStream:75 - [STDERR_REDIRECT] [Fatal Error] :1:1: Premature end of file.
2025-10-11 00:04:52,159 [ERROR] LogOutputStream:75 - [STDERR_REDIRECT] 
2025-10-11 00:04:53,158 [ERROR] LogOutputStream:75 - [STDERR_REDIRECT] [Fatal Error] :1:1: Premature end of file.
2025-10-11 00:04:53,158 [ERROR] LogOutputStream:75 - [STDERR_REDIRECT] 
2025-10-11 00:04:54,156 [ERROR] LogOutputStream:75 - [STDERR_REDIRECT] [Fatal Error] :1:1: Premature end of file.
2025-10-11 00:04:54,157 [ERROR] LogOutputStream:75 - [STDERR_REDIRECT] 
2025-10-11 00:04:55,160 [ERROR] LogOutputStream:75 - [STDERR_REDIRECT] [Fatal Error] :1:1: Premature end of file.
2025-10-11 00:04:55,160 [ERROR] LogOutputStream:75 - [STDERR_REDIRECT] 
2025-10-11 00:04:56,158 [ERROR] LogOutputStream:75 - [STDERR_REDIRECT] [Fatal Error] :1:1: Premature end of file.
2025-10-11 00:04:56,159 [ERROR] LogOutputStream:75 - [STDERR_REDIRECT] 
2025-10-11 00:04:57,158 [ERROR] LogOutputStream:75 - [STDERR_REDIRECT] [Fatal Error] :1:1: Premature end of file.
2025-10-11 00:04:57,158 [ERROR] LogOutputStream:75 - [STDERR_REDIRECT] 
2025-10-11 00:04:58,162 [ERROR] LogOutputStream:75 - [STDERR_REDIRECT] [Fatal Error] :1:1: Premature end of file.
2025-10-11 00:04:58,162 [ERROR] LogOutputStream:75 - [STDERR_REDIRECT] 
2025-10-11 00:04:59,157 [ERROR] LogOutputStream:75 - [STDERR_REDIRECT] [Fatal Error] :1:1: Premature end of file.
2025-10-11 00:04:59,157 [ERROR] LogOutputStream:75 - [STDERR_REDIRECT] 
2025-10-11 00:05:00,157 [ERROR] LogOutputStream:75 - [STDERR_REDIRECT] [Fatal Error] :1:1: Premature end of file.
2025-10-11 00:05:00,158 [ERROR] LogOutputStream:75 - [STDERR_REDIRECT] 
2025-10-11 00:05:01,159 [ERROR] LogOutputStream:75 - [STDERR_REDIRECT] [Fatal Error] :1:1: Premature end of file.
2025-10-11 00:05:01,159 [ERROR] LogOutputStream:75 - [STDERR_REDIRECT] 
2025-10-11 00:05:02,158 [ERROR] LogOutputStream:75 - [STDERR_REDIRECT] [Fatal Error] :1:1: Premature end of file.
2025-10-11 00:05:02,158 [ERROR] LogOutputStream:75 - [STDERR_REDIRECT] 
2025-10-11 00:05:03,156 [ERROR] LogOutputStream:75 - [STDERR_REDIRECT] [Fatal Error] :1:1: Premature end of file.
2025-10-11 00:05:03,156 [ERROR] LogOutputStream:75 - [STDERR_REDIRECT] 
2025-10-11 00:05:04,158 [ERROR] LogOutputStream:75 - [STDERR_REDIRECT] [Fatal Error] :1:1: Premature end of file.
2025-10-11 00:05:04,158 [ERROR] LogOutputStream:75 - [STDERR_REDIRECT] 
2025-10-11 00:05:05,154 [ERROR] LogOutputStream:75 - [STDERR_REDIRECT] [Fatal Error] :1:1: Premature end of file.
2025-10-11 00:05:05,154 [ERROR] LogOutputStream:75 - [STDERR_REDIRECT] 
2025-10-11 00:05:05,314 [INFO] WebApp:194 - Connection lost
2025-10-11 00:05:05,676 [INFO] WebApp:191 - Connection restablished
2025-10-11 00:05:06,155 [ERROR] LogOutputStream:75 - [STDERR_REDIRECT] [Fatal Error] :1:1: Premature end of file.
2025-10-11 00:05:06,156 [ERROR] LogOutputStream:75 - [STDERR_REDIRECT] 
2025-10-11 00:05:07,158 [ERROR] LogOutputStream:75 - [STDERR_REDIRECT] [Fatal Error] :1:1: Premature end of file.
2025-10-11 00:05:07,158 [ERROR] LogOutputStream:75 - [STDERR_REDIRECT] 
2025-10-11 00:05:08,156 [ERROR] LogOutputStream:75 - [STDERR_REDIRECT] [Fatal Error] :1:1: Premature end of file.
2025-10-11 00:05:08,156 [ERROR] LogOutputStream:75 - [STDERR_REDIRECT] 
2025-10-11 00:05:09,189 [ERROR] LogOutputStream:75 - [STDERR_REDIRECT] [Fatal Error] :1:1: Premature end of file.
2025-10-11 00:05:09,190 [ERROR] LogOutputStream:75 - [STDERR_REDIRECT] 
2025-10-11 00:05:09,823 [INFO] WebApp:194 - Connection lost
2025-10-11 00:05:10,198 [ERROR] LogOutputStream:75 - [STDERR_REDIRECT] [Fatal Error] :1:1: Premature end of file.
2025-10-11 00:05:10,198 [ERROR] LogOutputStream:75 - [STDERR_REDIRECT] 
2025-10-11 00:05:11,157 [ERROR] LogOutputStream:75 - [STDERR_REDIRECT] [Fatal Error] :1:1: Premature end of file.
2025-10-11 00:05:11,158 [ERROR] LogOutputStream:75 - [STDERR_REDIRECT] 
2025-10-11 00:05:12,157 [ERROR] LogOutputStream:75 - [STDERR_REDIRECT] [Fatal Error] :1:1: Premature end of file.
2025-10-11 00:05:12,157 [ERROR] LogOutputStream:75 - [STDERR_REDIRECT] 
2025-10-11 00:05:13,166 [ERROR] LogOutputStream:75 - [STDERR_REDIRECT] [Fatal Error] :1:1: Premature end of file.
2025-10-11 00:05:13,167 [ERROR] LogOutputStream:75 - [STDERR_REDIRECT] 
2025-10-11 00:05:14,159 [ERROR] LogOutputStream:75 - [STDERR_REDIRECT] [Fatal Error] :1:1: Premature end of file.
2025-10-11 00:05:14,159 [ERROR] LogOutputStream:75 - [STDERR_REDIRECT] 
2025-10-11 00:05:15,157 [ERROR] LogOutputStream:75 - [STDERR_REDIRECT] [Fatal Error] :1:1: Premature end of file.
2025-10-11 00:05:15,157 [ERROR] LogOutputStream:75 - [STDERR_REDIRECT] 
2025-10-11 00:05:16,195 [ERROR] LogOutputStream:75 - [STDERR_REDIRECT] [Fatal Error] :1:1: Premature end of file.
2025-10-11 00:05:16,195 [ERROR] LogOutputStream:75 - [STDERR_REDIRECT] 
2025-10-11 00:05:17,157 [ERROR] LogOutputStream:75 - [STDERR_REDIRECT] [Fatal Error] :1:1: Premature end of file.
2025-10-11 00:05:17,157 [ERROR] LogOutputStream:75 - [STDERR_REDIRECT] 
2025-10-11 00:05:18,098 [INFO] WebApp:191 - Connection restablished
2025-10-11 00:05:18,167 [ERROR] LogOutputStream:75 - [STDERR_REDIRECT] [Fatal Error] :1:1: Premature end of file.
2025-10-11 00:05:18,168 [ERROR] LogOutputStream:75 - [STDERR_REDIRECT] 
2025-10-11 00:05:19,198 [ERROR] LogOutputStream:75 - [STDERR_REDIRECT] [Fatal Error] :1:1: Premature end of file.
2025-10-11 00:05:19,199 [ERROR] LogOutputStream:75 - [STDERR_REDIRECT] 
2025-10-11 00:05:20,157 [ERROR] LogOutputStream:75 - [STDERR_REDIRECT] [Fatal Error] :1:1: Premature end of file.
2025-10-11 00:05:20,157 [ERROR] LogOutputStream:75 - [STDERR_REDIRECT] 
2025-10-11 00:05:21,158 [ERROR] LogOutputStream:75 - [STDERR_REDIRECT] [Fatal Error] :1:1: Premature end of file.
2025-10-11 00:05:21,158 [ERROR] LogOutputStream:75 - [STDERR_REDIRECT] 
2025-10-11 00:05:22,197 [ERROR] LogOutputStream:75 - [STDERR_REDIRECT] [Fatal Error] :1:1: Premature end of file.
2025-10-11 00:05:22,197 [ERROR] LogOutputStream:75 - [STDERR_REDIRECT] 
2025-10-11 00:05:23,197 [ERROR] LogOutputStream:75 - [STDERR_REDIRECT] [Fatal Error] :1:1: Premature end of file.
2025-10-11 00:05:23,197 [ERROR] LogOutputStream:75 - [STDERR_REDIRECT] 
2025-10-11 00:05:24,236 [ERROR] LogOutputStream:75 - [STDERR_REDIRECT] [Fatal Error] :1:1: Premature end of file.
2025-10-11 00:05:24,236 [ERROR] LogOutputStream:75 - [STDERR_REDIRECT] 
2025-10-11 00:05:25,158 [ERROR] LogOutputStream:75 - [STDERR_REDIRECT] [Fatal Error] :1:1: Premature end of file.
2025-10-11 00:05:25,158 [ERROR] LogOutputStream:75 - [STDERR_REDIRECT] 
2025-10-11 00:05:26,157 [ERROR] LogOutputStream:75 - [STDERR_REDIRECT] [Fatal Error] :1:1: Premature end of file.
2025-10-11 00:05:26,157 [ERROR] LogOutputStream:75 - [STDERR_REDIRECT] 
2025-10-11 00:05:27,159 [ERROR] LogOutputStream:75 - [STDERR_REDIRECT] [Fatal Error] :1:1: Premature end of file.
2025-10-11 00:05:27,159 [ERROR] LogOutputStream:75 - [STDERR_REDIRECT] 
2025-10-11 00:05:28,154 [ERROR] LogOutputStream:75 - [STDERR_REDIRECT] [Fatal Error] :1:1: Premature end of file.
2025-10-11 00:05:28,154 [ERROR] LogOutputStream:75 - [STDERR_REDIRECT] 
2025-10-11 00:05:29,157 [ERROR] LogOutputStream:75 - [STDERR_REDIRECT] [Fatal Error] :1:1: Premature end of file.
2025-10-11 00:05:29,157 [ERROR] LogOutputStream:75 - [STDERR_REDIRECT] 
2025-10-11 00:05:30,159 [ERROR] LogOutputStream:75 - [STDERR_REDIRECT] [Fatal Error] :1:1: Premature end of file.
2025-10-11 00:05:30,159 [ERROR] LogOutputStream:75 - [STDERR_REDIRECT] 
2025-10-11 00:05:31,154 [ERROR] LogOutputStream:75 - [STDERR_REDIRECT] [Fatal Error] :1:1: Premature end of file.
2025-10-11 00:05:31,154 [ERROR] LogOutputStream:75 - [STDERR_REDIRECT] 
2025-10-11 00:05:32,154 [ERROR] LogOutputStream:75 - [STDERR_REDIRECT] [Fatal Error] :1:1: Premature end of file.
2025-10-11 00:05:32,154 [ERROR] LogOutputStream:75 - [STDERR_REDIRECT] 
2025-10-11 00:05:33,160 [ERROR] LogOutputStream:75 - [STDERR_REDIRECT] [Fatal Error] :1:1: Premature end of file.
2025-10-11 00:05:33,160 [ERROR] LogOutputStream:75 - [STDERR_REDIRECT] 
2025-10-11 00:05:34,157 [ERROR] LogOutputStream:75 - [STDERR_REDIRECT] [Fatal Error] :1:1: Premature end of file.
2025-10-11 00:05:34,157 [ERROR] LogOutputStream:75 - [STDERR_REDIRECT] 
2025-10-11 00:05:35,156 [ERROR] LogOutputStream:75 - [STDERR_REDIRECT] [Fatal Error] :1:1: Premature end of file.
2025-10-11 00:05:35,156 [ERROR] LogOutputStream:75 - [STDERR_REDIRECT] 
2025-10-11 00:05:36,156 [ERROR] LogOutputStream:75 - [STDERR_REDIRECT] [Fatal Error] :1:1: Premature end of file.
2025-10-11 00:05:36,156 [ERROR] LogOutputStream:75 - [STDERR_REDIRECT] 
2025-10-11 00:05:37,158 [ERROR] LogOutputStream:75 - [STDERR_REDIRECT] [Fatal Error] :1:1: Premature end of file.
2025-10-11 00:05:37,158 [ERROR] LogOutputStream:75 - [STDERR_REDIRECT] 
2025-10-11 00:05:38,158 [ERROR] LogOutputStream:75 - [STDERR_REDIRECT] [Fatal Error] :1:1: Premature end of file.
2025-10-11 00:05:38,158 [ERROR] LogOutputStream:75 - [STDERR_REDIRECT] 
2025-10-11 00:05:39,157 [ERROR] LogOutputStream:75 - [STDERR_REDIRECT] [Fatal Error] :1:1: Premature end of file.
2025-10-11 00:05:39,157 [ERROR] LogOutputStream:75 - [STDERR_REDIRECT] 
2025-10-11 00:05:40,157 [ERROR] LogOutputStream:75 - [STDERR_REDIRECT] [Fatal Error] :1:1: Premature end of file.
2025-10-11 00:05:40,157 [ERROR] LogOutputStream:75 - [STDERR_REDIRECT] 
2025-10-11 00:05:41,157 [ERROR] LogOutputStream:75 - [STDERR_REDIRECT] [Fatal Error] :1:1: Premature end of file.
2025-10-11 00:05:41,157 [ERROR] LogOutputStream:75 - [STDERR_REDIRECT] 
2025-10-11 00:05:42,157 [ERROR] LogOutputStream:75 - [STDERR_REDIRECT] [Fatal Error] :1:1: Premature end of file.
2025-10-11 00:05:42,157 [ERROR] LogOutputStream:75 - [STDERR_REDIRECT] 
2025-10-11 00:05:43,155 [ERROR] LogOutputStream:75 - [STDERR_REDIRECT] [Fatal Error] :1:1: Premature end of file.
2025-10-11 00:05:43,155 [ERROR] LogOutputStream:75 - [STDERR_REDIRECT] 
2025-10-11 00:05:44,156 [ERROR] LogOutputStream:75 - [STDERR_REDIRECT] [Fatal Error] :1:1: Premature end of file.
2025-10-11 00:05:44,156 [ERROR] LogOutputStream:75 - [STDERR_REDIRECT] 
2025-10-11 00:05:45,158 [ERROR] LogOutputStream:75 - [STDERR_REDIRECT] [Fatal Error] :1:1: Premature end of file.
2025-10-11 00:05:45,158 [ERROR] LogOutputStream:75 - [STDERR_REDIRECT] 
2025-10-11 00:05:46,161 [ERROR] LogOutputStream:75 - [STDERR_REDIRECT] [Fatal Error] :1:1: Premature end of file.
2025-10-11 00:05:46,161 [ERROR] LogOutputStream:75 - [STDERR_REDIRECT] 
2025-10-11 00:05:47,157 [ERROR] LogOutputStream:75 - [STDERR_REDIRECT] [Fatal Error] :1:1: Premature end of file.
2025-10-11 00:05:47,157 [ERROR] LogOutputStream:75 - [STDERR_REDIRECT] 
2025-10-11 00:05:48,165 [ERROR] LogOutputStream:75 - [STDERR_REDIRECT] [Fatal Error] :1:1: Premature end of file.
2025-10-11 00:05:48,165 [ERROR] LogOutputStream:75 - [STDERR_REDIRECT] 
2025-10-11 00:05:49,158 [ERROR] LogOutputStream:75 - [STDERR_REDIRECT] [Fatal Error] :1:1: Premature end of file.
2025-10-11 00:05:49,158 [ERROR] LogOutputStream:75 - [STDERR_REDIRECT] 
2025-10-11 00:05:50,157 [ERROR] LogOutputStream:75 - [STDERR_REDIRECT] [Fatal Error] :1:1: Premature end of file.
2025-10-11 00:05:50,157 [ERROR] LogOutputStream:75 - [STDERR_REDIRECT] 
2025-10-11 00:05:51,156 [ERROR] LogOutputStream:75 - [STDERR_REDIRECT] [Fatal Error] :1:1: Premature end of file.
2025-10-11 00:05:51,156 [ERROR] LogOutputStream:75 - [STDERR_REDIRECT] 
2025-10-11 00:05:52,154 [ERROR] LogOutputStream:75 - [STDERR_REDIRECT] [Fatal Error] :1:1: Premature end of file.
2025-10-11 00:05:52,154 [ERROR] LogOutputStream:75 - [STDERR_REDIRECT] 
2025-10-11 00:05:53,155 [ERROR] LogOutputStream:75 - [STDERR_REDIRECT] [Fatal Error] :1:1: Premature end of file.
2025-10-11 00:05:53,155 [ERROR] LogOutputStream:75 - [STDERR_REDIRECT] 
2025-10-11 00:05:54,157 [ERROR] LogOutputStream:75 - [STDERR_REDIRECT] [Fatal Error] :1:1: Premature end of file.
2025-10-11 00:05:54,157 [ERROR] LogOutputStream:75 - [STDERR_REDIRECT] 
2025-10-11 00:05:55,157 [ERROR] LogOutputStream:75 - [STDERR_REDIRECT] [Fatal Error] :1:1: Premature end of file.
2025-10-11 00:05:55,158 [ERROR] LogOutputStream:75 - [STDERR_REDIRECT] 
2025-10-11 00:05:56,204 [ERROR] LogOutputStream:75 - [STDERR_REDIRECT] [Fatal Error] :1:1: Premature end of file.
2025-10-11 00:05:56,204 [ERROR] LogOutputStream:75 - [STDERR_REDIRECT] 
2025-10-11 00:05:57,154 [ERROR] LogOutputStream:75 - [STDERR_REDIRECT] [Fatal Error] :1:1: Premature end of file.
2025-10-11 00:05:57,154 [ERROR] LogOutputStream:75 - [STDERR_REDIRECT] 
2025-10-11 00:05:58,158 [ERROR] LogOutputStream:75 - [STDERR_REDIRECT] [Fatal Error] :1:1: Premature end of file.
2025-10-11 00:05:58,158 [ERROR] LogOutputStream:75 - [STDERR_REDIRECT] 
2025-10-11 00:05:59,155 [ERROR] LogOutputStream:75 - [STDERR_REDIRECT] [Fatal Error] :1:1: Premature end of file.
2025-10-11 00:05:59,155 [ERROR] LogOutputStream:75 - [STDERR_REDIRECT] 
2025-10-11 00:06:00,154 [ERROR] LogOutputStream:75 - [STDERR_REDIRECT] [Fatal Error] :1:1: Premature end of file.
2025-10-11 00:06:00,154 [ERROR] LogOutputStream:75 - [STDERR_REDIRECT] 
2025-10-11 00:06:01,155 [ERROR] LogOutputStream:75 - [STDERR_REDIRECT] [Fatal Error] :1:1: Premature end of file.
2025-10-11 00:06:01,155 [ERROR] LogOutputStream:75 - [STDERR_REDIRECT] 
2025-10-11 00:06:02,155 [ERROR] LogOutputStream:75 - [STDERR_REDIRECT] [Fatal Error] :1:1: Premature end of file.
2025-10-11 00:06:02,155 [ERROR] LogOutputStream:75 - [STDERR_REDIRECT] 
2025-10-11 00:06:03,156 [ERROR] LogOutputStream:75 - [STDERR_REDIRECT] [Fatal Error] :1:1: Premature end of file.
2025-10-11 00:06:03,156 [ERROR] LogOutputStream:75 - [STDERR_REDIRECT] 
2025-10-11 00:06:04,156 [ERROR] LogOutputStream:75 - [STDERR_REDIRECT] [Fatal Error] :1:1: Premature end of file.
2025-10-11 00:06:04,156 [ERROR] LogOutputStream:75 - [STDERR_REDIRECT] 
2025-10-11 00:06:05,179 [ERROR] LogOutputStream:75 - [STDERR_REDIRECT] [Fatal Error] :1:1: Premature end of file.
2025-10-11 00:06:05,180 [ERROR] LogOutputStream:75 - [STDERR_REDIRECT] 
2025-10-11 00:06:06,157 [ERROR] LogOutputStream:75 - [STDERR_REDIRECT] [Fatal Error] :1:1: Premature end of file.
2025-10-11 00:06:06,158 [ERROR] LogOutputStream:75 - [STDERR_REDIRECT] 
2025-10-11 00:06:07,163 [ERROR] LogOutputStream:75 - [STDERR_REDIRECT] [Fatal Error] :1:1: Premature end of file.
2025-10-11 00:06:07,164 [ERROR] LogOutputStream:75 - [STDERR_REDIRECT] 
2025-10-11 00:06:08,157 [ERROR] LogOutputStream:75 - [STDERR_REDIRECT] [Fatal Error] :1:1: Premature end of file.
2025-10-11 00:06:08,157 [ERROR] LogOutputStream:75 - [STDERR_REDIRECT] 
2025-10-11 00:06:09,169 [ERROR] LogOutputStream:75 - [STDERR_REDIRECT] [Fatal Error] :1:1: Premature end of file.
2025-10-11 00:06:09,169 [ERROR] LogOutputStream:75 - [STDERR_REDIRECT] 
2025-10-11 00:06:10,176 [ERROR] LogOutputStream:75 - [STDERR_REDIRECT] [Fatal Error] :1:1: Premature end of file.
2025-10-11 00:06:10,177 [ERROR] LogOutputStream:75 - [STDERR_REDIRECT] 
2025-10-11 00:06:11,154 [ERROR] LogOutputStream:75 - [STDERR_REDIRECT] [Fatal Error] :1:1: Premature end of file.
2025-10-11 00:06:11,154 [ERROR] LogOutputStream:75 - [STDERR_REDIRECT] 
2025-10-11 00:06:12,155 [ERROR] LogOutputStream:75 - [STDERR_REDIRECT] [Fatal Error] :1:1: Premature end of file.
2025-10-11 00:06:12,156 [ERROR] LogOutputStream:75 - [STDERR_REDIRECT] 
2025-10-11 00:06:13,198 [ERROR] LogOutputStream:75 - [STDERR_REDIRECT] [Fatal Error] :1:1: Premature end of file.
2025-10-11 00:06:13,199 [ERROR] LogOutputStream:75 - [STDERR_REDIRECT] 
2025-10-11 00:06:13,833 [INFO] WebApp:194 - Connection lost
2025-10-11 00:06:14,110 [INFO] WebApp:191 - Connection restablished
2025-10-11 00:06:14,168 [ERROR] LogOutputStream:75 - [STDERR_REDIRECT] [Fatal Error] :1:1: Premature end of file.
2025-10-11 00:06:14,168 [ERROR] LogOutputStream:75 - [STDERR_REDIRECT] 
2025-10-11 00:06:15,158 [ERROR] LogOutputStream:75 - [STDERR_REDIRECT] [Fatal Error] :1:1: Premature end of file.
2025-10-11 00:06:15,158 [ERROR] LogOutputStream:75 - [STDERR_REDIRECT] 
2025-10-11 00:06:16,157 [ERROR] LogOutputStream:75 - [STDERR_REDIRECT] [Fatal Error] :1:1: Premature end of file.
2025-10-11 00:06:16,158 [ERROR] LogOutputStream:75 - [STDERR_REDIRECT] 
2025-10-11 00:06:17,158 [ERROR] LogOutputStream:75 - [STDERR_REDIRECT] [Fatal Error] :1:1: Premature end of file.
2025-10-11 00:06:17,158 [ERROR] LogOutputStream:75 - [STDERR_REDIRECT] 
2025-10-11 00:06:18,157 [ERROR] LogOutputStream:75 - [STDERR_REDIRECT] [Fatal Error] :1:1: Premature end of file.
2025-10-11 00:06:18,157 [ERROR] LogOutputStream:75 - [STDERR_REDIRECT] 
2025-10-11 00:06:19,157 [ERROR] LogOutputStream:75 - [STDERR_REDIRECT] [Fatal Error] :1:1: Premature end of file.
2025-10-11 00:06:19,157 [ERROR] LogOutputStream:75 - [STDERR_REDIRECT] 
2025-10-11 00:06:20,155 [ERROR] LogOutputStream:75 - [STDERR_REDIRECT] [Fatal Error] :1:1: Premature end of file.
2025-10-11 00:06:20,156 [ERROR] LogOutputStream:75 - [STDERR_REDIRECT] 
2025-10-11 00:06:21,155 [ERROR] LogOutputStream:75 - [STDERR_REDIRECT] [Fatal Error] :1:1: Premature end of file.
2025-10-11 00:06:21,155 [ERROR] LogOutputStream:75 - [STDERR_REDIRECT] 
2025-10-11 00:06:22,198 [ERROR] LogOutputStream:75 - [STDERR_REDIRECT] [Fatal Error] :1:1: Premature end of file.
2025-10-11 00:06:22,198 [ERROR] LogOutputStream:75 - [STDERR_REDIRECT] 
2025-10-11 00:06:23,156 [ERROR] LogOutputStream:75 - [STDERR_REDIRECT] [Fatal Error] :1:1: Premature end of file.
2025-10-11 00:06:23,156 [ERROR] LogOutputStream:75 - [STDERR_REDIRECT] 
2025-10-11 00:06:24,157 [ERROR] LogOutputStream:75 - [STDERR_REDIRECT] [Fatal Error] :1:1: Premature end of file.
2025-10-11 00:06:24,157 [ERROR] LogOutputStream:75 - [STDERR_REDIRECT] 
2025-10-11 00:06:25,158 [ERROR] LogOutputStream:75 - [STDERR_REDIRECT] [Fatal Error] :1:1: Premature end of file.
2025-10-11 00:06:25,158 [ERROR] LogOutputStream:75 - [STDERR_REDIRECT] 
2025-10-11 00:06:26,154 [ERROR] LogOutputStream:75 - [STDERR_REDIRECT] [Fatal Error] :1:1: Premature end of file.
2025-10-11 00:06:26,154 [ERROR] LogOutputStream:75 - [STDERR_REDIRECT] 
2025-10-11 00:06:27,200 [ERROR] LogOutputStream:75 - [STDERR_REDIRECT] [Fatal Error] :1:1: Premature end of file.
2025-10-11 00:06:27,200 [ERROR] LogOutputStream:75 - [STDERR_REDIRECT] 
2025-10-11 00:06:28,158 [ERROR] LogOutputStream:75 - [STDERR_REDIRECT] [Fatal Error] :1:1: Premature end of file.
2025-10-11 00:06:28,159 [ERROR] LogOutputStream:75 - [STDERR_REDIRECT] 
2025-10-11 00:06:29,155 [ERROR] LogOutputStream:75 - [STDERR_REDIRECT] [Fatal Error] :1:1: Premature end of file.
2025-10-11 00:06:29,156 [ERROR] LogOutputStream:75 - [STDERR_REDIRECT] 
2025-10-11 00:06:30,198 [ERROR] LogOutputStream:75 - [STDERR_REDIRECT] [Fatal Error] :1:1: Premature end of file.
2025-10-11 00:06:30,198 [ERROR] LogOutputStream:75 - [STDERR_REDIRECT] 
2025-10-11 00:06:31,237 [ERROR] LogOutputStream:75 - [STDERR_REDIRECT] [Fatal Error] :1:1: Premature end of file.
2025-10-11 00:06:31,237 [ERROR] LogOutputStream:75 - [STDERR_REDIRECT] 
2025-10-11 00:06:32,171 [ERROR] LogOutputStream:75 - [STDERR_REDIRECT] [Fatal Error] :1:1: Premature end of file.
2025-10-11 00:06:32,171 [ERROR] LogOutputStream:75 - [STDERR_REDIRECT] 
2025-10-11 00:06:33,158 [ERROR] LogOutputStream:75 - [STDERR_REDIRECT] [Fatal Error] :1:1: Premature end of file.
2025-10-11 00:06:33,159 [ERROR] LogOutputStream:75 - [STDERR_REDIRECT] 
2025-10-11 00:06:34,158 [ERROR] LogOutputStream:75 - [STDERR_REDIRECT] [Fatal Error] :1:1: Premature end of file.
2025-10-11 00:06:34,158 [ERROR] LogOutputStream:75 - [STDERR_REDIRECT] 
2025-10-11 00:06:35,174 [ERROR] LogOutputStream:75 - [STDERR_REDIRECT] [Fatal Error] :1:1: Premature end of file.
2025-10-11 00:06:35,174 [ERROR] LogOutputStream:75 - [STDERR_REDIRECT] 
2025-10-11 00:06:35,491 [ERROR] LogOutputStream:75 - [STDERR_REDIRECT] 
